#
# There is insufficient memory for the Java Runtime Environment to continue.
# Native memory allocation (mmap) failed to map 298844160 bytes for Failed to commit area from 0x00000000d3900000 to 0x00000000e5600000 of length 298844160.
# Possible reasons:
#   The system is out of physical RAM or swap space
#   The process is running with CompressedOops enabled, and the Java Heap may be blocking the growth of the native heap
# Possible solutions:
#   Reduce memory load on the system
#   Increase physical memory or swap space
#   Check if swap backing store is full
#   Decrease Java heap size (-Xmx/-Xms)
#   Decrease number of Java threads
#   Decrease Java thread stack sizes (-Xss)
#   Set larger code cache with -XX:ReservedCodeCacheSize=
#   JVM is running with Unscaled Compressed Oops mode in which the Java heap is
#     placed in the first 4GB address space. The Java Heap base address is the
#     maximum limit for the native heap growth. Please use -XX:HeapBaseMinAddress
#     to set the Java Heap base and to place the Java Heap above 4GB virtual address.
# This output file may be truncated or incomplete.
#
#  Out of Memory Error (t:/workspace/hotspot/src/os/windows/vm/os_windows.cpp:3357), pid=6612, tid=440
#
# JRE version: Java(TM) SE Runtime Environment (9.0+11) (build 9.0.1+11)
# Java VM: Java HotSpot(TM) 64-Bit Server VM (9.0.1+11, mixed mode, tiered, compressed oops, g1 gc, windows-amd64)
# No core dump will be written. Minidumps are not enabled by default on client versions of Windows
#

---------------  S U M M A R Y ------------

Command Line: -Dfile.encoding=MS949 --module-path=C:\Users\yooji\eclipse-workspace\Example\bin -Djdk.module.main=Example Example/co.kr.jihowolrd.CustomerService

Host: Intel(R) Core(TM) i5-6300U CPU @ 2.40GHz, 4 cores, 7G,  Windows 10 , 64 bit Build 17134 (10.0.17134.706)
Time: Thu May 09 17:59:26 2019 ¢¥eCN©öI¡¾©ö C¡ÍA¨ª¨öA elapsed time: 10 seconds (0d 0h 0m 10s)

---------------  T H R E A D  ---------------

Current thread (0x000002967c7f1000):  VMThread "VM Thread" [stack: 0x000000cbd6500000,0x000000cbd6600000] [id=440]

Stack: [0x000000cbd6500000,0x000000cbd6600000]
[error occurred during error reporting (printing stack bounds), id 0xe0000002]

Native frames: (J=compiled Java code, j=interpreted, Vv=VM code, C=native code)
V  [jvm.dll+0x5870b8]
V  [jvm.dll+0x69c0ee]
V  [jvm.dll+0x69d00a]
V  [jvm.dll+0x69cb95]
V  [jvm.dll+0x69d5ab]
V  [jvm.dll+0x586916]
V  [jvm.dll+0x586ce8]
C  [ntdll.dll+0x9f7dd]
C  [ntdll.dll+0xd856]
C  [ntdll.dll+0x9e70e]
C  0x0000029600000e2a

VM_Operation (0x000000cbd59fee50): G1IncCollectionPause, mode: safepoint, requested by thread 0x000002966bb90800


---------------  P R O C E S S  ---------------

Java Threads: ( => current thread )
  0x000002967cb78800 JavaThread "Service Thread" daemon [_thread_blocked, id=28156, stack(0x000000cbd6f00000,0x000000cbd7000000)]
  0x000002967c935000 JavaThread "Common-Cleaner" daemon [_thread_blocked, id=19160, stack(0x000000cbd6e00000,0x000000cbd6f00000)]
  0x000002967c8fc800 JavaThread "Sweeper thread" daemon [_thread_blocked, id=23256, stack(0x000000cbd6d00000,0x000000cbd6e00000)]
  0x000002967c8a4000 JavaThread "C1 CompilerThread2" daemon [_thread_blocked, id=4116, stack(0x000000cbd6c00000,0x000000cbd6d00000)]
  0x000002967c89b000 JavaThread "C2 CompilerThread1" daemon [_thread_blocked, id=11740, stack(0x000000cbd6b00000,0x000000cbd6c00000)]
  0x000002967c886000 JavaThread "C2 CompilerThread0" daemon [_thread_blocked, id=12880, stack(0x000000cbd6a00000,0x000000cbd6b00000)]
  0x000002967c883000 JavaThread "Attach Listener" daemon [_thread_blocked, id=28996, stack(0x000000cbd6900000,0x000000cbd6a00000)]
  0x000002967c882800 JavaThread "Signal Dispatcher" daemon [_thread_blocked, id=18804, stack(0x000000cbd6800000,0x000000cbd6900000)]
  0x000002967c82b800 JavaThread "Finalizer" daemon [_thread_blocked, id=29304, stack(0x000000cbd6700000,0x000000cbd6800000)]
  0x000002967c7f5800 JavaThread "Reference Handler" daemon [_thread_blocked, id=8492, stack(0x000000cbd6600000,0x000000cbd6700000)]
  0x000002966bb90800 JavaThread "main" [_thread_blocked, id=29124, stack(0x000000cbd5900000,0x000000cbd5a00000)]

Other Threads:
=>0x000002967c7f1000 VMThread "VM Thread" [stack: 0x000000cbd6500000,0x000000cbd6600000] [id=440]
  0x000002967cced800 WatcherThread [stack: 0x000000cbd7000000,0x000000cbd7100000] [id=9996]
  0x000002966bba7000 GCTaskThread "GC Thread#0" [stack: 0x000000cbd5a00000,0x000000cbd5b00000] [id=15280]
  0x000002966bba8800 GCTaskThread "GC Thread#1" [stack: 0x000000cbd5b00000,0x000000cbd5c00000] [id=27152]
  0x000002966bbab000 GCTaskThread "GC Thread#2" [stack: 0x000000cbd5c00000,0x000000cbd5d00000] [id=24492]
  0x000002966bbb6000 GCTaskThread "GC Thread#3" [stack: 0x000000cbd5d00000,0x000000cbd5e00000] [id=26292]
  0x000002966bc32000 ConcurrentGCThread "G1 Main Marker" [stack: 0x000000cbd6300000,0x000000cbd6400000] [id=19844]
  0x000002966bc33000 ConcurrentGCThread "G1 Marker#0" [stack: 0x000000cbd6400000,0x000000cbd6500000] [id=6432]
  0x000002966bbc9000 ConcurrentGCThread "G1 Refine#0" [stack: 0x000000cbd6100000,0x000000cbd6200000] [id=24132]
  0x000002966bbc5000 ConcurrentGCThread "G1 Refine#1" [stack: 0x000000cbd6000000,0x000000cbd6100000] [id=21976]
  0x000002966bbbf800 ConcurrentGCThread "G1 Refine#2" [stack: 0x000000cbd5f00000,0x000000cbd6000000] [id=26076]
  0x000002966bbbb800 ConcurrentGCThread "G1 Refine#3" [stack: 0x000000cbd5e00000,0x000000cbd5f00000] [id=8556]
  0x000002966bbcc000 ConcurrentGCThread "G1 Young RemSet Sampling" [stack: 0x000000cbd6200000,0x000000cbd6300000] [id=11952]

Threads with active compile tasks:

VM state:at safepoint (normal execution)

VM Mutex/Monitor currently owned by a thread:  ([mutex/lock_event])
[0x000002966bb8f1b0] Threads_lock - owner thread: 0x000002967c7f1000
[0x000002966bb8e3a0] Heap_lock - owner thread: 0x000002966bb90800

Heap address: 0x0000000081200000, size: 2030 MB, Compressed Oops mode: 32-bit
Narrow klass base: 0x0000000000000000, Narrow klass shift: 3
Compressed class space size: 1073741824 Address: 0x0000000100000000

Heap:
 garbage-first heap   total 1642496K, used 773120K [0x0000000081200000, 0x0000000081303220, 0x0000000100000000)
  region size 1024K, 9 young (9216K), 9 survivors (9216K)
 Metaspace       used 5517K, capacity 5624K, committed 5760K, reserved 1056768K
  class space    used 569K, capacity 589K, committed 640K, reserved 1048576K
Heap Regions: E=young(eden), S=young(survivor), O=old, HS=humongous(starts), HC=humongous(continues), CS=collection set, F=free, A=archive, TS=gc time stamp, AC=allocation context, TAMS=top-at-mark-start (previous, next)
|   0|0x0000000081200000, 0x0000000081300000, 0x0000000081300000|100%|HS|  |TS  0|AC  0|TAMS 0x0000000081300000, 0x0000000081300000|
|   1|0x0000000081300000, 0x0000000081400000, 0x0000000081400000|100%|HC|  |TS  0|AC  0|TAMS 0x0000000081400000, 0x0000000081400000|
|   2|0x0000000081400000, 0x0000000081500000, 0x0000000081500000|100%|HC|  |TS  0|AC  0|TAMS 0x0000000081500000, 0x0000000081500000|
|   3|0x0000000081500000, 0x0000000081600000, 0x0000000081600000|100%|HC|  |TS  0|AC  0|TAMS 0x0000000081600000, 0x0000000081600000|
|   4|0x0000000081600000, 0x0000000081700000, 0x0000000081700000|100%|HC|  |TS  0|AC  0|TAMS 0x0000000081700000, 0x0000000081700000|
|   5|0x0000000081700000, 0x0000000081800000, 0x0000000081800000|100%|HC|  |TS  0|AC  0|TAMS 0x0000000081800000, 0x0000000081800000|
|   6|0x0000000081800000, 0x0000000081900000, 0x0000000081900000|100%|HC|  |TS  0|AC  0|TAMS 0x0000000081900000, 0x0000000081900000|
|   7|0x0000000081900000, 0x0000000081a00000, 0x0000000081a00000|100%|HC|  |TS  0|AC  0|TAMS 0x0000000081a00000, 0x0000000081a00000|
|   8|0x0000000081a00000, 0x0000000081b00000, 0x0000000081b00000|100%|HC|  |TS  0|AC  0|TAMS 0x0000000081b00000, 0x0000000081b00000|
|   9|0x0000000081b00000, 0x0000000081c00000, 0x0000000081c00000|100%|HC|  |TS  0|AC  0|TAMS 0x0000000081c00000, 0x0000000081c00000|
|  10|0x0000000081c00000, 0x0000000081d00000, 0x0000000081d00000|100%|HC|  |TS  0|AC  0|TAMS 0x0000000081d00000, 0x0000000081d00000|
|  11|0x0000000081d00000, 0x0000000081e00000, 0x0000000081e00000|100%|HC|  |TS  0|AC  0|TAMS 0x0000000081e00000, 0x0000000081e00000|
|  12|0x0000000081e00000, 0x0000000081f00000, 0x0000000081f00000|100%|HC|  |TS  0|AC  0|TAMS 0x0000000081f00000, 0x0000000081f00000|
|  13|0x0000000081f00000, 0x0000000082000000, 0x0000000082000000|100%|HC|  |TS  0|AC  0|TAMS 0x0000000082000000, 0x0000000082000000|
|  14|0x0000000082000000, 0x0000000082100000, 0x0000000082100000|100%|HC|  |TS  0|AC  0|TAMS 0x0000000082100000, 0x0000000082100000|
|  15|0x0000000082100000, 0x0000000082200000, 0x0000000082200000|100%|HC|  |TS  0|AC  0|TAMS 0x0000000082200000, 0x0000000082200000|
|  16|0x0000000082200000, 0x0000000082300000, 0x0000000082300000|100%|HC|  |TS  0|AC  0|TAMS 0x0000000082300000, 0x0000000082300000|
|  17|0x0000000082300000, 0x0000000082400000, 0x0000000082400000|100%|HC|  |TS  0|AC  0|TAMS 0x0000000082400000, 0x0000000082400000|
|  18|0x0000000082400000, 0x0000000082500000, 0x0000000082500000|100%|HC|  |TS  0|AC  0|TAMS 0x0000000082500000, 0x0000000082500000|
|  19|0x0000000082500000, 0x0000000082600000, 0x0000000082600000|100%|HC|  |TS  0|AC  0|TAMS 0x0000000082600000, 0x0000000082600000|
|  20|0x0000000082600000, 0x0000000082700000, 0x0000000082700000|100%|HC|  |TS  0|AC  0|TAMS 0x0000000082700000, 0x0000000082700000|
|  21|0x0000000082700000, 0x0000000082800000, 0x0000000082800000|100%|HC|  |TS  0|AC  0|TAMS 0x0000000082800000, 0x0000000082800000|
|  22|0x0000000082800000, 0x0000000082900000, 0x0000000082900000|100%|HC|  |TS  0|AC  0|TAMS 0x0000000082900000, 0x0000000082900000|
|  23|0x0000000082900000, 0x0000000082a00000, 0x0000000082a00000|100%|HC|  |TS  0|AC  0|TAMS 0x0000000082a00000, 0x0000000082a00000|
|  24|0x0000000082a00000, 0x0000000082b00000, 0x0000000082b00000|100%|HC|  |TS  0|AC  0|TAMS 0x0000000082b00000, 0x0000000082b00000|
|  25|0x0000000082b00000, 0x0000000082c00000, 0x0000000082c00000|100%|HC|  |TS  0|AC  0|TAMS 0x0000000082c00000, 0x0000000082c00000|
|  26|0x0000000082c00000, 0x0000000082d00000, 0x0000000082d00000|100%|HC|  |TS  0|AC  0|TAMS 0x0000000082d00000, 0x0000000082d00000|
|  27|0x0000000082d00000, 0x0000000082e00000, 0x0000000082e00000|100%|HC|  |TS  0|AC  0|TAMS 0x0000000082e00000, 0x0000000082e00000|
|  28|0x0000000082e00000, 0x0000000082f00000, 0x0000000082f00000|100%|HC|  |TS  0|AC  0|TAMS 0x0000000082f00000, 0x0000000082f00000|
|  29|0x0000000082f00000, 0x0000000083000000, 0x0000000083000000|100%|HC|  |TS  0|AC  0|TAMS 0x0000000083000000, 0x0000000083000000|
|  30|0x0000000083000000, 0x0000000083100000, 0x0000000083100000|100%|HC|  |TS  0|AC  0|TAMS 0x0000000083100000, 0x0000000083100000|
|  31|0x0000000083100000, 0x0000000083200000, 0x0000000083200000|100%|HC|  |TS  0|AC  0|TAMS 0x0000000083200000, 0x0000000083200000|
|  32|0x0000000083200000, 0x0000000083300000, 0x0000000083300000|100%|HC|  |TS  0|AC  0|TAMS 0x0000000083300000, 0x0000000083300000|
|  33|0x0000000083300000, 0x0000000083400000, 0x0000000083400000|100%|HC|  |TS  0|AC  0|TAMS 0x0000000083400000, 0x0000000083400000|
|  34|0x0000000083400000, 0x0000000083500000, 0x0000000083500000|100%|HC|  |TS  0|AC  0|TAMS 0x0000000083500000, 0x0000000083500000|
|  35|0x0000000083500000, 0x0000000083600000, 0x0000000083600000|100%|HC|  |TS  0|AC  0|TAMS 0x0000000083600000, 0x0000000083600000|
|  36|0x0000000083600000, 0x0000000083700000, 0x0000000083700000|100%|HC|  |TS  0|AC  0|TAMS 0x0000000083700000, 0x0000000083700000|
|  37|0x0000000083700000, 0x0000000083800000, 0x0000000083800000|100%|HC|  |TS  0|AC  0|TAMS 0x0000000083800000, 0x0000000083800000|
|  38|0x0000000083800000, 0x0000000083900000, 0x0000000083900000|100%|HC|  |TS  0|AC  0|TAMS 0x0000000083900000, 0x0000000083900000|
|  39|0x0000000083900000, 0x0000000083a00000, 0x0000000083a00000|100%|HS|  |TS  0|AC  0|TAMS 0x0000000083a00000, 0x0000000083a00000|
|  40|0x0000000083a00000, 0x0000000083b00000, 0x0000000083b00000|100%|HC|  |TS  0|AC  0|TAMS 0x0000000083b00000, 0x0000000083b00000|
|  41|0x0000000083b00000, 0x0000000083c00000, 0x0000000083c00000|100%|HC|  |TS  0|AC  0|TAMS 0x0000000083c00000, 0x0000000083c00000|
|  42|0x0000000083c00000, 0x0000000083d00000, 0x0000000083d00000|100%|HC|  |TS  0|AC  0|TAMS 0x0000000083d00000, 0x0000000083d00000|
|  43|0x0000000083d00000, 0x0000000083e00000, 0x0000000083e00000|100%|HC|  |TS  0|AC  0|TAMS 0x0000000083e00000, 0x0000000083e00000|
|  44|0x0000000083e00000, 0x0000000083f00000, 0x0000000083f00000|100%|HC|  |TS  0|AC  0|TAMS 0x0000000083f00000, 0x0000000083f00000|
|  45|0x0000000083f00000, 0x0000000084000000, 0x0000000084000000|100%|HC|  |TS  0|AC  0|TAMS 0x0000000084000000, 0x0000000084000000|
|  46|0x0000000084000000, 0x0000000084100000, 0x0000000084100000|100%|HC|  |TS  0|AC  0|TAMS 0x0000000084100000, 0x0000000084100000|
|  47|0x0000000084100000, 0x0000000084200000, 0x0000000084200000|100%|HC|  |TS  0|AC  0|TAMS 0x0000000084200000, 0x0000000084200000|
|  48|0x0000000084200000, 0x0000000084300000, 0x0000000084300000|100%|HC|  |TS  0|AC  0|TAMS 0x0000000084300000, 0x0000000084300000|
|  49|0x0000000084300000, 0x0000000084400000, 0x0000000084400000|100%|HC|  |TS  0|AC  0|TAMS 0x0000000084400000, 0x0000000084400000|
|  50|0x0000000084400000, 0x0000000084500000, 0x0000000084500000|100%|HC|  |TS  0|AC  0|TAMS 0x0000000084500000, 0x0000000084500000|
|  51|0x0000000084500000, 0x0000000084600000, 0x0000000084600000|100%|HC|  |TS  0|AC  0|TAMS 0x0000000084600000, 0x0000000084600000|
|  52|0x0000000084600000, 0x0000000084700000, 0x0000000084700000|100%|HC|  |TS  0|AC  0|TAMS 0x0000000084700000, 0x0000000084700000|
|  53|0x0000000084700000, 0x0000000084800000, 0x0000000084800000|100%|HC|  |TS  0|AC  0|TAMS 0x0000000084800000, 0x0000000084800000|
|  54|0x0000000084800000, 0x0000000084900000, 0x0000000084900000|100%|HC|  |TS  0|AC  0|TAMS 0x0000000084900000, 0x0000000084900000|
|  55|0x0000000084900000, 0x0000000084a00000, 0x0000000084a00000|100%|HC|  |TS  0|AC  0|TAMS 0x0000000084a00000, 0x0000000084a00000|
|  56|0x0000000084a00000, 0x0000000084b00000, 0x0000000084b00000|100%|HC|  |TS  0|AC  0|TAMS 0x0000000084b00000, 0x0000000084b00000|
|  57|0x0000000084b00000, 0x0000000084c00000, 0x0000000084c00000|100%|HC|  |TS  0|AC  0|TAMS 0x0000000084c00000, 0x0000000084c00000|
|  58|0x0000000084c00000, 0x0000000084d00000, 0x0000000084d00000|100%|HC|  |TS  0|AC  0|TAMS 0x0000000084d00000, 0x0000000084d00000|
|  59|0x0000000084d00000, 0x0000000084e00000, 0x0000000084e00000|100%|HC|  |TS  0|AC  0|TAMS 0x0000000084e00000, 0x0000000084e00000|
|  60|0x0000000084e00000, 0x0000000084f00000, 0x0000000084f00000|100%|HC|  |TS  0|AC  0|TAMS 0x0000000084f00000, 0x0000000084f00000|
|  61|0x0000000084f00000, 0x0000000085000000, 0x0000000085000000|100%|HC|  |TS  0|AC  0|TAMS 0x0000000085000000, 0x0000000085000000|
|  62|0x0000000085000000, 0x0000000085100000, 0x0000000085100000|100%|HC|  |TS  0|AC  0|TAMS 0x0000000085100000, 0x0000000085100000|
|  63|0x0000000085100000, 0x0000000085200000, 0x0000000085200000|100%|HC|  |TS  0|AC  0|TAMS 0x0000000085200000, 0x0000000085200000|
|  64|0x0000000085200000, 0x0000000085300000, 0x0000000085300000|100%|HC|  |TS  0|AC  0|TAMS 0x0000000085300000, 0x0000000085300000|
|  65|0x0000000085300000, 0x0000000085400000, 0x0000000085400000|100%|HC|  |TS  0|AC  0|TAMS 0x0000000085400000, 0x0000000085400000|
|  66|0x0000000085400000, 0x0000000085500000, 0x0000000085500000|100%|HC|  |TS  0|AC  0|TAMS 0x0000000085500000, 0x0000000085500000|
|  67|0x0000000085500000, 0x0000000085600000, 0x0000000085600000|100%|HC|  |TS  0|AC  0|TAMS 0x0000000085600000, 0x0000000085600000|
|  68|0x0000000085600000, 0x0000000085700000, 0x0000000085700000|100%|HC|  |TS  0|AC  0|TAMS 0x0000000085700000, 0x0000000085700000|
|  69|0x0000000085700000, 0x0000000085800000, 0x0000000085800000|100%|HC|  |TS  0|AC  0|TAMS 0x0000000085800000, 0x0000000085800000|
|  70|0x0000000085800000, 0x0000000085900000, 0x0000000085900000|100%|HC|  |TS  0|AC  0|TAMS 0x0000000085900000, 0x0000000085900000|
|  71|0x0000000085900000, 0x0000000085a00000, 0x0000000085a00000|100%|HC|  |TS  0|AC  0|TAMS 0x0000000085a00000, 0x0000000085a00000|
|  72|0x0000000085a00000, 0x0000000085b00000, 0x0000000085b00000|100%|HC|  |TS  0|AC  0|TAMS 0x0000000085b00000, 0x0000000085b00000|
|  73|0x0000000085b00000, 0x0000000085c00000, 0x0000000085c00000|100%|HC|  |TS  0|AC  0|TAMS 0x0000000085c00000, 0x0000000085c00000|
|  74|0x0000000085c00000, 0x0000000085d00000, 0x0000000085d00000|100%|HC|  |TS  0|AC  0|TAMS 0x0000000085d00000, 0x0000000085d00000|
|  75|0x0000000085d00000, 0x0000000085e00000, 0x0000000085e00000|100%|HC|  |TS  0|AC  0|TAMS 0x0000000085e00000, 0x0000000085e00000|
|  76|0x0000000085e00000, 0x0000000085f00000, 0x0000000085f00000|100%|HC|  |TS  0|AC  0|TAMS 0x0000000085f00000, 0x0000000085f00000|
|  77|0x0000000085f00000, 0x0000000086000000, 0x0000000086000000|100%|HC|  |TS  0|AC  0|TAMS 0x0000000086000000, 0x0000000086000000|
|  78|0x0000000086000000, 0x0000000086100000, 0x0000000086100000|100%| O|  |TS  0|AC  0|TAMS 0x0000000086100000, 0x0000000086100000|
|  79|0x0000000086100000, 0x0000000086200000, 0x0000000086200000|100%| O|  |TS  0|AC  0|TAMS 0x0000000086200000, 0x0000000086200000|
|  80|0x0000000086200000, 0x0000000086300000, 0x0000000086300000|100%| O|  |TS  0|AC  0|TAMS 0x0000000086300000, 0x0000000086300000|
|  81|0x0000000086300000, 0x0000000086400000, 0x0000000086400000|100%| O|  |TS  0|AC  0|TAMS 0x0000000086400000, 0x0000000086400000|
|  82|0x0000000086400000, 0x0000000086500000, 0x0000000086500000|100%| O|  |TS  0|AC  0|TAMS 0x0000000086500000, 0x0000000086500000|
|  83|0x0000000086500000, 0x0000000086600000, 0x0000000086600000|100%| O|  |TS  0|AC  0|TAMS 0x0000000086600000, 0x0000000086600000|
|  84|0x0000000086600000, 0x0000000086700000, 0x0000000086700000|100%| O|  |TS  0|AC  0|TAMS 0x0000000086700000, 0x0000000086700000|
|  85|0x0000000086700000, 0x0000000086800000, 0x0000000086800000|100%| O|  |TS  0|AC  0|TAMS 0x0000000086800000, 0x0000000086800000|
|  86|0x0000000086800000, 0x0000000086900000, 0x0000000086900000|100%| O|  |TS  0|AC  0|TAMS 0x0000000086900000, 0x0000000086900000|
|  87|0x0000000086900000, 0x0000000086a00000, 0x0000000086a00000|100%| O|  |TS  0|AC  0|TAMS 0x0000000086a00000, 0x0000000086a00000|
|  88|0x0000000086a00000, 0x0000000086b00000, 0x0000000086b00000|100%| O|  |TS  0|AC  0|TAMS 0x0000000086b00000, 0x0000000086b00000|
|  89|0x0000000086b00000, 0x0000000086c00000, 0x0000000086c00000|100%| O|  |TS  0|AC  0|TAMS 0x0000000086c00000, 0x0000000086c00000|
|  90|0x0000000086c00000, 0x0000000086d00000, 0x0000000086d00000|100%| O|  |TS  0|AC  0|TAMS 0x0000000086d00000, 0x0000000086d00000|
|  91|0x0000000086d00000, 0x0000000086e00000, 0x0000000086e00000|100%| O|  |TS  0|AC  0|TAMS 0x0000000086e00000, 0x0000000086e00000|
|  92|0x0000000086e00000, 0x0000000086f00000, 0x0000000086f00000|100%| O|  |TS  0|AC  0|TAMS 0x0000000086f00000, 0x0000000086f00000|
|  93|0x0000000086f00000, 0x0000000087000000, 0x0000000087000000|100%| O|  |TS  0|AC  0|TAMS 0x0000000087000000, 0x0000000087000000|
|  94|0x0000000087000000, 0x0000000087100000, 0x0000000087100000|100%| O|  |TS  0|AC  0|TAMS 0x0000000087100000, 0x0000000087100000|
|  95|0x0000000087100000, 0x0000000087200000, 0x0000000087200000|100%| O|  |TS  0|AC  0|TAMS 0x0000000087200000, 0x0000000087200000|
|  96|0x0000000087200000, 0x0000000087300000, 0x0000000087300000|100%| O|  |TS  0|AC  0|TAMS 0x0000000087300000, 0x0000000087300000|
|  97|0x0000000087300000, 0x0000000087400000, 0x0000000087400000|100%| O|  |TS  0|AC  0|TAMS 0x0000000087400000, 0x0000000087400000|
|  98|0x0000000087400000, 0x0000000087500000, 0x0000000087500000|100%| O|  |TS  0|AC  0|TAMS 0x0000000087500000, 0x0000000087500000|
|  99|0x0000000087500000, 0x0000000087600000, 0x0000000087600000|100%| O|  |TS  0|AC  0|TAMS 0x0000000087600000, 0x0000000087600000|
| 100|0x0000000087600000, 0x0000000087700000, 0x0000000087700000|100%| O|  |TS  0|AC  0|TAMS 0x0000000087700000, 0x0000000087700000|
| 101|0x0000000087700000, 0x0000000087800000, 0x0000000087800000|100%| O|  |TS  0|AC  0|TAMS 0x0000000087800000, 0x0000000087800000|
| 102|0x0000000087800000, 0x0000000087900000, 0x0000000087900000|100%| O|  |TS  0|AC  0|TAMS 0x0000000087900000, 0x0000000087900000|
| 103|0x0000000087900000, 0x0000000087a00000, 0x0000000087a00000|100%| O|  |TS  0|AC  0|TAMS 0x0000000087a00000, 0x0000000087a00000|
| 104|0x0000000087a00000, 0x0000000087b00000, 0x0000000087b00000|100%| O|  |TS  0|AC  0|TAMS 0x0000000087b00000, 0x0000000087b00000|
| 105|0x0000000087b00000, 0x0000000087c00000, 0x0000000087c00000|100%| O|  |TS  0|AC  0|TAMS 0x0000000087c00000, 0x0000000087c00000|
| 106|0x0000000087c00000, 0x0000000087d00000, 0x0000000087d00000|100%| O|  |TS  0|AC  0|TAMS 0x0000000087d00000, 0x0000000087d00000|
| 107|0x0000000087d00000, 0x0000000087e00000, 0x0000000087e00000|100%| O|  |TS  0|AC  0|TAMS 0x0000000087e00000, 0x0000000087e00000|
| 108|0x0000000087e00000, 0x0000000087f00000, 0x0000000087f00000|100%| O|  |TS  0|AC  0|TAMS 0x0000000087f00000, 0x0000000087f00000|
| 109|0x0000000087f00000, 0x0000000088000000, 0x0000000088000000|100%| O|  |TS  0|AC  0|TAMS 0x0000000088000000, 0x0000000088000000|
| 110|0x0000000088000000, 0x0000000088100000, 0x0000000088100000|100%| O|  |TS  0|AC  0|TAMS 0x0000000088100000, 0x0000000088100000|
| 111|0x0000000088100000, 0x0000000088200000, 0x0000000088200000|100%| O|  |TS  0|AC  0|TAMS 0x0000000088200000, 0x0000000088200000|
| 112|0x0000000088200000, 0x0000000088300000, 0x0000000088300000|100%| O|  |TS  0|AC  0|TAMS 0x0000000088300000, 0x0000000088300000|
| 113|0x0000000088300000, 0x0000000088400000, 0x0000000088400000|100%| O|  |TS  0|AC  0|TAMS 0x0000000088400000, 0x0000000088400000|
| 114|0x0000000088400000, 0x0000000088500000, 0x0000000088500000|100%| O|  |TS  0|AC  0|TAMS 0x0000000088500000, 0x0000000088500000|
| 115|0x0000000088500000, 0x0000000088600000, 0x0000000088600000|100%| O|  |TS  0|AC  0|TAMS 0x0000000088600000, 0x0000000088600000|
| 116|0x0000000088600000, 0x0000000088700000, 0x0000000088700000|100%| O|  |TS  0|AC  0|TAMS 0x0000000088700000, 0x0000000088700000|
| 117|0x0000000088700000, 0x0000000088800000, 0x0000000088800000|100%| O|  |TS  0|AC  0|TAMS 0x0000000088800000, 0x0000000088800000|
| 118|0x0000000088800000, 0x0000000088900000, 0x0000000088900000|100%| O|  |TS  0|AC  0|TAMS 0x0000000088900000, 0x0000000088900000|
| 119|0x0000000088900000, 0x0000000088a00000, 0x0000000088a00000|100%| O|  |TS  0|AC  0|TAMS 0x0000000088a00000, 0x0000000088a00000|
| 120|0x0000000088a00000, 0x0000000088b00000, 0x0000000088b00000|100%| O|  |TS  0|AC  0|TAMS 0x0000000088b00000, 0x0000000088b00000|
| 121|0x0000000088b00000, 0x0000000088c00000, 0x0000000088c00000|100%| O|  |TS  0|AC  0|TAMS 0x0000000088c00000, 0x0000000088c00000|
| 122|0x0000000088c00000, 0x0000000088d00000, 0x0000000088d00000|100%| O|  |TS  0|AC  0|TAMS 0x0000000088d00000, 0x0000000088d00000|
| 123|0x0000000088d00000, 0x0000000088e00000, 0x0000000088e00000|100%| O|  |TS  0|AC  0|TAMS 0x0000000088e00000, 0x0000000088e00000|
| 124|0x0000000088e00000, 0x0000000088f00000, 0x0000000088f00000|100%| O|  |TS  0|AC  0|TAMS 0x0000000088f00000, 0x0000000088f00000|
| 125|0x0000000088f00000, 0x0000000089000000, 0x0000000089000000|100%| O|  |TS  0|AC  0|TAMS 0x0000000089000000, 0x0000000089000000|
| 126|0x0000000089000000, 0x0000000089100000, 0x0000000089100000|100%| O|  |TS  0|AC  0|TAMS 0x0000000089100000, 0x0000000089100000|
| 127|0x0000000089100000, 0x0000000089200000, 0x0000000089200000|100%| O|  |TS  0|AC  0|TAMS 0x0000000089200000, 0x0000000089200000|
| 128|0x0000000089200000, 0x0000000089300000, 0x0000000089300000|100%| O|  |TS  0|AC  0|TAMS 0x0000000089300000, 0x0000000089300000|
| 129|0x0000000089300000, 0x0000000089400000, 0x0000000089400000|100%| O|  |TS  0|AC  0|TAMS 0x0000000089400000, 0x0000000089400000|
| 130|0x0000000089400000, 0x0000000089500000, 0x0000000089500000|100%| O|  |TS  0|AC  0|TAMS 0x0000000089500000, 0x0000000089500000|
| 131|0x0000000089500000, 0x0000000089600000, 0x0000000089600000|100%| O|  |TS  0|AC  0|TAMS 0x0000000089600000, 0x0000000089600000|
| 132|0x0000000089600000, 0x0000000089700000, 0x0000000089700000|100%| O|  |TS  0|AC  0|TAMS 0x0000000089700000, 0x0000000089700000|
| 133|0x0000000089700000, 0x0000000089800000, 0x0000000089800000|100%| O|  |TS  0|AC  0|TAMS 0x0000000089800000, 0x0000000089800000|
| 134|0x0000000089800000, 0x0000000089900000, 0x0000000089900000|100%| O|  |TS  0|AC  0|TAMS 0x0000000089900000, 0x0000000089900000|
| 135|0x0000000089900000, 0x0000000089a00000, 0x0000000089a00000|100%| O|  |TS  0|AC  0|TAMS 0x0000000089a00000, 0x0000000089a00000|
| 136|0x0000000089a00000, 0x0000000089b00000, 0x0000000089b00000|100%| O|  |TS  0|AC  0|TAMS 0x0000000089b00000, 0x0000000089b00000|
| 137|0x0000000089b00000, 0x0000000089c00000, 0x0000000089c00000|100%| O|  |TS  0|AC  0|TAMS 0x0000000089c00000, 0x0000000089c00000|
| 138|0x0000000089c00000, 0x0000000089d00000, 0x0000000089d00000|100%| O|  |TS  0|AC  0|TAMS 0x0000000089d00000, 0x0000000089d00000|
| 139|0x0000000089d00000, 0x0000000089e00000, 0x0000000089e00000|100%| O|  |TS  0|AC  0|TAMS 0x0000000089e00000, 0x0000000089e00000|
| 140|0x0000000089e00000, 0x0000000089f00000, 0x0000000089f00000|100%| O|  |TS  0|AC  0|TAMS 0x0000000089f00000, 0x0000000089f00000|
| 141|0x0000000089f00000, 0x000000008a000000, 0x000000008a000000|100%| O|  |TS  0|AC  0|TAMS 0x000000008a000000, 0x000000008a000000|
| 142|0x000000008a000000, 0x000000008a100000, 0x000000008a100000|100%| O|  |TS  0|AC  0|TAMS 0x000000008a100000, 0x000000008a100000|
| 143|0x000000008a100000, 0x000000008a200000, 0x000000008a200000|100%| O|  |TS  0|AC  0|TAMS 0x000000008a200000, 0x000000008a200000|
| 144|0x000000008a200000, 0x000000008a300000, 0x000000008a300000|100%| O|  |TS  0|AC  0|TAMS 0x000000008a300000, 0x000000008a300000|
| 145|0x000000008a300000, 0x000000008a400000, 0x000000008a400000|100%| O|  |TS  0|AC  0|TAMS 0x000000008a400000, 0x000000008a400000|
| 146|0x000000008a400000, 0x000000008a500000, 0x000000008a500000|100%| O|  |TS  0|AC  0|TAMS 0x000000008a500000, 0x000000008a500000|
| 147|0x000000008a500000, 0x000000008a600000, 0x000000008a600000|100%| O|  |TS  0|AC  0|TAMS 0x000000008a600000, 0x000000008a600000|
| 148|0x000000008a600000, 0x000000008a700000, 0x000000008a700000|100%| O|  |TS  0|AC  0|TAMS 0x000000008a700000, 0x000000008a700000|
| 149|0x000000008a700000, 0x000000008a800000, 0x000000008a800000|100%| O|  |TS  0|AC  0|TAMS 0x000000008a800000, 0x000000008a800000|
| 150|0x000000008a800000, 0x000000008a900000, 0x000000008a900000|100%| O|  |TS  0|AC  0|TAMS 0x000000008a900000, 0x000000008a900000|
| 151|0x000000008a900000, 0x000000008aa00000, 0x000000008aa00000|100%| O|  |TS  0|AC  0|TAMS 0x000000008aa00000, 0x000000008aa00000|
| 152|0x000000008aa00000, 0x000000008ab00000, 0x000000008ab00000|100%| O|  |TS  0|AC  0|TAMS 0x000000008ab00000, 0x000000008ab00000|
| 153|0x000000008ab00000, 0x000000008ac00000, 0x000000008ac00000|100%| O|  |TS  0|AC  0|TAMS 0x000000008ac00000, 0x000000008ac00000|
| 154|0x000000008ac00000, 0x000000008ad00000, 0x000000008ad00000|100%| O|  |TS  0|AC  0|TAMS 0x000000008ad00000, 0x000000008ad00000|
| 155|0x000000008ad00000, 0x000000008ae00000, 0x000000008ae00000|100%| O|  |TS  0|AC  0|TAMS 0x000000008ae00000, 0x000000008ae00000|
| 156|0x000000008ae00000, 0x000000008af00000, 0x000000008af00000|100%| O|  |TS  0|AC  0|TAMS 0x000000008af00000, 0x000000008af00000|
| 157|0x000000008af00000, 0x000000008b000000, 0x000000008b000000|100%| O|  |TS  0|AC  0|TAMS 0x000000008b000000, 0x000000008b000000|
| 158|0x000000008b000000, 0x000000008b100000, 0x000000008b100000|100%| O|  |TS  0|AC  0|TAMS 0x000000008b100000, 0x000000008b100000|
| 159|0x000000008b100000, 0x000000008b200000, 0x000000008b200000|100%| O|  |TS  0|AC  0|TAMS 0x000000008b200000, 0x000000008b200000|
| 160|0x000000008b200000, 0x000000008b300000, 0x000000008b300000|100%| O|  |TS  0|AC  0|TAMS 0x000000008b300000, 0x000000008b300000|
| 161|0x000000008b300000, 0x000000008b400000, 0x000000008b400000|100%| O|  |TS  0|AC  0|TAMS 0x000000008b400000, 0x000000008b400000|
| 162|0x000000008b400000, 0x000000008b500000, 0x000000008b500000|100%| O|  |TS  0|AC  0|TAMS 0x000000008b500000, 0x000000008b500000|
| 163|0x000000008b500000, 0x000000008b600000, 0x000000008b600000|100%| O|  |TS  0|AC  0|TAMS 0x000000008b600000, 0x000000008b600000|
| 164|0x000000008b600000, 0x000000008b700000, 0x000000008b700000|100%| O|  |TS  0|AC  0|TAMS 0x000000008b700000, 0x000000008b700000|
| 165|0x000000008b700000, 0x000000008b800000, 0x000000008b800000|100%| O|  |TS  0|AC  0|TAMS 0x000000008b800000, 0x000000008b800000|
| 166|0x000000008b800000, 0x000000008b900000, 0x000000008b900000|100%| O|  |TS  0|AC  0|TAMS 0x000000008b900000, 0x000000008b900000|
| 167|0x000000008b900000, 0x000000008ba00000, 0x000000008ba00000|100%| O|  |TS  0|AC  0|TAMS 0x000000008ba00000, 0x000000008ba00000|
| 168|0x000000008ba00000, 0x000000008bb00000, 0x000000008bb00000|100%| O|  |TS  0|AC  0|TAMS 0x000000008bb00000, 0x000000008bb00000|
| 169|0x000000008bb00000, 0x000000008bc00000, 0x000000008bc00000|100%| O|  |TS  0|AC  0|TAMS 0x000000008bc00000, 0x000000008bc00000|
| 170|0x000000008bc00000, 0x000000008bd00000, 0x000000008bd00000|100%| O|  |TS  0|AC  0|TAMS 0x000000008bd00000, 0x000000008bd00000|
| 171|0x000000008bd00000, 0x000000008be00000, 0x000000008be00000|100%| O|  |TS  0|AC  0|TAMS 0x000000008be00000, 0x000000008be00000|
| 172|0x000000008be00000, 0x000000008bf00000, 0x000000008bf00000|100%| O|  |TS  0|AC  0|TAMS 0x000000008bf00000, 0x000000008bf00000|
| 173|0x000000008bf00000, 0x000000008c000000, 0x000000008c000000|100%| O|  |TS  0|AC  0|TAMS 0x000000008c000000, 0x000000008c000000|
| 174|0x000000008c000000, 0x000000008c100000, 0x000000008c100000|100%| O|  |TS  0|AC  0|TAMS 0x000000008c100000, 0x000000008c100000|
| 175|0x000000008c100000, 0x000000008c200000, 0x000000008c200000|100%| O|  |TS  0|AC  0|TAMS 0x000000008c200000, 0x000000008c200000|
| 176|0x000000008c200000, 0x000000008c300000, 0x000000008c300000|100%| O|  |TS  0|AC  0|TAMS 0x000000008c300000, 0x000000008c300000|
| 177|0x000000008c300000, 0x000000008c400000, 0x000000008c400000|100%| O|  |TS  0|AC  0|TAMS 0x000000008c400000, 0x000000008c400000|
| 178|0x000000008c400000, 0x000000008c500000, 0x000000008c500000|100%| O|  |TS  0|AC  0|TAMS 0x000000008c500000, 0x000000008c500000|
| 179|0x000000008c500000, 0x000000008c600000, 0x000000008c600000|100%| O|  |TS  0|AC  0|TAMS 0x000000008c600000, 0x000000008c600000|
| 180|0x000000008c600000, 0x000000008c700000, 0x000000008c700000|100%| O|  |TS  0|AC  0|TAMS 0x000000008c700000, 0x000000008c700000|
| 181|0x000000008c700000, 0x000000008c800000, 0x000000008c800000|100%| O|  |TS  0|AC  0|TAMS 0x000000008c800000, 0x000000008c800000|
| 182|0x000000008c800000, 0x000000008c900000, 0x000000008c900000|100%| O|  |TS  0|AC  0|TAMS 0x000000008c900000, 0x000000008c900000|
| 183|0x000000008c900000, 0x000000008ca00000, 0x000000008ca00000|100%| O|  |TS  0|AC  0|TAMS 0x000000008ca00000, 0x000000008ca00000|
| 184|0x000000008ca00000, 0x000000008cb00000, 0x000000008cb00000|100%| O|  |TS  0|AC  0|TAMS 0x000000008cb00000, 0x000000008cb00000|
| 185|0x000000008cb00000, 0x000000008cc00000, 0x000000008cc00000|100%| O|  |TS  0|AC  0|TAMS 0x000000008cc00000, 0x000000008cc00000|
| 186|0x000000008cc00000, 0x000000008cd00000, 0x000000008cd00000|100%| O|  |TS  0|AC  0|TAMS 0x000000008cd00000, 0x000000008cd00000|
| 187|0x000000008cd00000, 0x000000008ce00000, 0x000000008ce00000|100%| O|  |TS  0|AC  0|TAMS 0x000000008ce00000, 0x000000008ce00000|
| 188|0x000000008ce00000, 0x000000008cf00000, 0x000000008cf00000|100%| O|  |TS  0|AC  0|TAMS 0x000000008cf00000, 0x000000008cf00000|
| 189|0x000000008cf00000, 0x000000008d000000, 0x000000008d000000|100%| O|  |TS  0|AC  0|TAMS 0x000000008d000000, 0x000000008d000000|
| 190|0x000000008d000000, 0x000000008d100000, 0x000000008d100000|100%| O|  |TS  0|AC  0|TAMS 0x000000008d100000, 0x000000008d100000|
| 191|0x000000008d100000, 0x000000008d200000, 0x000000008d200000|100%| O|  |TS  0|AC  0|TAMS 0x000000008d200000, 0x000000008d200000|
| 192|0x000000008d200000, 0x000000008d300000, 0x000000008d300000|100%| O|  |TS  0|AC  0|TAMS 0x000000008d300000, 0x000000008d300000|
| 193|0x000000008d300000, 0x000000008d400000, 0x000000008d400000|100%| O|  |TS  0|AC  0|TAMS 0x000000008d400000, 0x000000008d400000|
| 194|0x000000008d400000, 0x000000008d500000, 0x000000008d500000|100%| O|  |TS  0|AC  0|TAMS 0x000000008d500000, 0x000000008d500000|
| 195|0x000000008d500000, 0x000000008d600000, 0x000000008d600000|100%| O|  |TS  0|AC  0|TAMS 0x000000008d600000, 0x000000008d600000|
| 196|0x000000008d600000, 0x000000008d700000, 0x000000008d700000|100%| O|  |TS  0|AC  0|TAMS 0x000000008d700000, 0x000000008d700000|
| 197|0x000000008d700000, 0x000000008d800000, 0x000000008d800000|100%| O|  |TS  0|AC  0|TAMS 0x000000008d800000, 0x000000008d800000|
| 198|0x000000008d800000, 0x000000008d900000, 0x000000008d900000|100%| O|  |TS  0|AC  0|TAMS 0x000000008d900000, 0x000000008d900000|
| 199|0x000000008d900000, 0x000000008da00000, 0x000000008da00000|100%| O|  |TS  0|AC  0|TAMS 0x000000008da00000, 0x000000008da00000|
| 200|0x000000008da00000, 0x000000008db00000, 0x000000008db00000|100%| O|  |TS  0|AC  0|TAMS 0x000000008db00000, 0x000000008db00000|
| 201|0x000000008db00000, 0x000000008dc00000, 0x000000008dc00000|100%| O|  |TS  0|AC  0|TAMS 0x000000008dc00000, 0x000000008dc00000|
| 202|0x000000008dc00000, 0x000000008dd00000, 0x000000008dd00000|100%| O|  |TS  0|AC  0|TAMS 0x000000008dd00000, 0x000000008dd00000|
| 203|0x000000008dd00000, 0x000000008de00000, 0x000000008de00000|100%| O|  |TS  0|AC  0|TAMS 0x000000008de00000, 0x000000008de00000|
| 204|0x000000008de00000, 0x000000008df00000, 0x000000008df00000|100%| O|  |TS  0|AC  0|TAMS 0x000000008df00000, 0x000000008df00000|
| 205|0x000000008df00000, 0x000000008e000000, 0x000000008e000000|100%| O|  |TS  0|AC  0|TAMS 0x000000008e000000, 0x000000008e000000|
| 206|0x000000008e000000, 0x000000008e100000, 0x000000008e100000|100%| O|  |TS  0|AC  0|TAMS 0x000000008e100000, 0x000000008e100000|
| 207|0x000000008e100000, 0x000000008e200000, 0x000000008e200000|100%| O|  |TS  0|AC  0|TAMS 0x000000008e200000, 0x000000008e200000|
| 208|0x000000008e200000, 0x000000008e300000, 0x000000008e300000|100%| O|  |TS  0|AC  0|TAMS 0x000000008e300000, 0x000000008e300000|
| 209|0x000000008e300000, 0x000000008e400000, 0x000000008e400000|100%| O|  |TS  0|AC  0|TAMS 0x000000008e400000, 0x000000008e400000|
| 210|0x000000008e400000, 0x000000008e500000, 0x000000008e500000|100%| O|  |TS  0|AC  0|TAMS 0x000000008e500000, 0x000000008e500000|
| 211|0x000000008e500000, 0x000000008e600000, 0x000000008e600000|100%| O|  |TS  0|AC  0|TAMS 0x000000008e600000, 0x000000008e600000|
| 212|0x000000008e600000, 0x000000008e700000, 0x000000008e700000|100%| O|  |TS  0|AC  0|TAMS 0x000000008e700000, 0x000000008e700000|
| 213|0x000000008e700000, 0x000000008e800000, 0x000000008e800000|100%| O|  |TS  0|AC  0|TAMS 0x000000008e800000, 0x000000008e800000|
| 214|0x000000008e800000, 0x000000008e900000, 0x000000008e900000|100%| O|  |TS  0|AC  0|TAMS 0x000000008e900000, 0x000000008e900000|
| 215|0x000000008e900000, 0x000000008ea00000, 0x000000008ea00000|100%| O|  |TS  0|AC  0|TAMS 0x000000008ea00000, 0x000000008ea00000|
| 216|0x000000008ea00000, 0x000000008eb00000, 0x000000008eb00000|100%| O|  |TS  0|AC  0|TAMS 0x000000008eb00000, 0x000000008eb00000|
| 217|0x000000008eb00000, 0x000000008ec00000, 0x000000008ec00000|100%| O|  |TS  0|AC  0|TAMS 0x000000008ec00000, 0x000000008ec00000|
| 218|0x000000008ec00000, 0x000000008ed00000, 0x000000008ed00000|100%| O|  |TS  0|AC  0|TAMS 0x000000008ed00000, 0x000000008ed00000|
| 219|0x000000008ed00000, 0x000000008ee00000, 0x000000008ee00000|100%| O|  |TS  0|AC  0|TAMS 0x000000008ee00000, 0x000000008ee00000|
| 220|0x000000008ee00000, 0x000000008ef00000, 0x000000008ef00000|100%| O|  |TS  0|AC  0|TAMS 0x000000008ef00000, 0x000000008ef00000|
| 221|0x000000008ef00000, 0x000000008f000000, 0x000000008f000000|100%| O|  |TS  0|AC  0|TAMS 0x000000008f000000, 0x000000008f000000|
| 222|0x000000008f000000, 0x000000008f100000, 0x000000008f100000|100%| O|  |TS  0|AC  0|TAMS 0x000000008f100000, 0x000000008f100000|
| 223|0x000000008f100000, 0x000000008f200000, 0x000000008f200000|100%| O|  |TS  0|AC  0|TAMS 0x000000008f200000, 0x000000008f200000|
| 224|0x000000008f200000, 0x000000008f300000, 0x000000008f300000|100%| O|  |TS  0|AC  0|TAMS 0x000000008f300000, 0x000000008f300000|
| 225|0x000000008f300000, 0x000000008f400000, 0x000000008f400000|100%| O|  |TS  0|AC  0|TAMS 0x000000008f400000, 0x000000008f400000|
| 226|0x000000008f400000, 0x000000008f500000, 0x000000008f500000|100%| O|  |TS  0|AC  0|TAMS 0x000000008f500000, 0x000000008f500000|
| 227|0x000000008f500000, 0x000000008f600000, 0x000000008f600000|100%| O|  |TS  0|AC  0|TAMS 0x000000008f600000, 0x000000008f600000|
| 228|0x000000008f600000, 0x000000008f700000, 0x000000008f700000|100%| O|  |TS  0|AC  0|TAMS 0x000000008f700000, 0x000000008f700000|
| 229|0x000000008f700000, 0x000000008f800000, 0x000000008f800000|100%| O|  |TS  0|AC  0|TAMS 0x000000008f700000, 0x000000008f800000|
| 230|0x000000008f800000, 0x000000008f900000, 0x000000008f900000|100%| O|  |TS  0|AC  0|TAMS 0x000000008f800000, 0x000000008f900000|
| 231|0x000000008f900000, 0x000000008fa00000, 0x000000008fa00000|100%| O|  |TS  0|AC  0|TAMS 0x000000008f900000, 0x000000008fa00000|
| 232|0x000000008fa00000, 0x000000008fb00000, 0x000000008fb00000|100%| O|  |TS  0|AC  0|TAMS 0x000000008fa00000, 0x000000008fb00000|
| 233|0x000000008fb00000, 0x000000008fc00000, 0x000000008fc00000|100%| O|  |TS  0|AC  0|TAMS 0x000000008fb00000, 0x000000008fc00000|
| 234|0x000000008fc00000, 0x000000008fd00000, 0x000000008fd00000|100%| O|  |TS  0|AC  0|TAMS 0x000000008fc00000, 0x000000008fd00000|
| 235|0x000000008fd00000, 0x000000008fe00000, 0x000000008fe00000|100%| O|  |TS  0|AC  0|TAMS 0x000000008fd00000, 0x000000008fe00000|
| 236|0x000000008fe00000, 0x000000008ff00000, 0x000000008ff00000|100%| O|  |TS  0|AC  0|TAMS 0x000000008fe00000, 0x000000008ff00000|
| 237|0x000000008ff00000, 0x0000000090000000, 0x0000000090000000|100%| O|  |TS  0|AC  0|TAMS 0x000000008ff00000, 0x0000000090000000|
| 238|0x0000000090000000, 0x0000000090100000, 0x0000000090100000|100%| O|  |TS  0|AC  0|TAMS 0x0000000090000000, 0x0000000090100000|
| 239|0x0000000090100000, 0x0000000090200000, 0x0000000090200000|100%| O|  |TS  0|AC  0|TAMS 0x0000000090100000, 0x0000000090200000|
| 240|0x0000000090200000, 0x0000000090300000, 0x0000000090300000|100%| O|  |TS  0|AC  0|TAMS 0x0000000090200000, 0x0000000090300000|
| 241|0x0000000090300000, 0x0000000090400000, 0x0000000090400000|100%| O|  |TS  0|AC  0|TAMS 0x0000000090300000, 0x0000000090400000|
| 242|0x0000000090400000, 0x0000000090500000, 0x0000000090500000|100%| O|  |TS  0|AC  0|TAMS 0x0000000090400000, 0x0000000090500000|
| 243|0x0000000090500000, 0x0000000090600000, 0x0000000090600000|100%| O|  |TS  0|AC  0|TAMS 0x0000000090500000, 0x0000000090600000|
| 244|0x0000000090600000, 0x0000000090700000, 0x0000000090700000|100%| O|  |TS  0|AC  0|TAMS 0x0000000090600000, 0x0000000090700000|
| 245|0x0000000090700000, 0x0000000090800000, 0x0000000090800000|100%| O|  |TS  0|AC  0|TAMS 0x0000000090700000, 0x0000000090800000|
| 246|0x0000000090800000, 0x0000000090900000, 0x0000000090900000|100%| O|  |TS  0|AC  0|TAMS 0x0000000090800000, 0x0000000090900000|
| 247|0x0000000090900000, 0x0000000090a00000, 0x0000000090a00000|100%| O|  |TS  0|AC  0|TAMS 0x0000000090900000, 0x0000000090a00000|
| 248|0x0000000090a00000, 0x0000000090b00000, 0x0000000090b00000|100%| O|  |TS  0|AC  0|TAMS 0x0000000090a00000, 0x0000000090b00000|
| 249|0x0000000090b00000, 0x0000000090c00000, 0x0000000090c00000|100%| O|  |TS  0|AC  0|TAMS 0x0000000090b00000, 0x0000000090c00000|
| 250|0x0000000090c00000, 0x0000000090d00000, 0x0000000090d00000|100%| O|  |TS  0|AC  0|TAMS 0x0000000090c00000, 0x0000000090d00000|
| 251|0x0000000090d00000, 0x0000000090e00000, 0x0000000090e00000|100%| O|  |TS  0|AC  0|TAMS 0x0000000090d00000, 0x0000000090e00000|
| 252|0x0000000090e00000, 0x0000000090f00000, 0x0000000090f00000|100%| O|  |TS  0|AC  0|TAMS 0x0000000090e00000, 0x0000000090f00000|
| 253|0x0000000090f00000, 0x0000000091000000, 0x0000000091000000|100%| O|  |TS  0|AC  0|TAMS 0x0000000090f00000, 0x0000000091000000|
| 254|0x0000000091000000, 0x0000000091100000, 0x0000000091100000|100%| O|  |TS  0|AC  0|TAMS 0x0000000091000000, 0x0000000091100000|
| 255|0x0000000091100000, 0x0000000091200000, 0x0000000091200000|100%| O|  |TS  0|AC  0|TAMS 0x0000000091100000, 0x0000000091200000|
| 256|0x0000000091200000, 0x0000000091300000, 0x0000000091300000|100%| O|  |TS  0|AC  0|TAMS 0x0000000091200000, 0x0000000091300000|
| 257|0x0000000091300000, 0x0000000091400000, 0x0000000091400000|100%| O|  |TS  1|AC  0|TAMS 0x0000000091300000, 0x0000000091400000|
| 258|0x0000000091400000, 0x0000000091500000, 0x0000000091500000|100%| O|  |TS  1|AC  0|TAMS 0x0000000091400000, 0x0000000091500000|
| 259|0x0000000091500000, 0x0000000091600000, 0x0000000091600000|100%| O|  |TS  1|AC  0|TAMS 0x0000000091500000, 0x0000000091600000|
| 260|0x0000000091600000, 0x0000000091700000, 0x0000000091700000|100%| O|  |TS  1|AC  0|TAMS 0x0000000091600000, 0x0000000091700000|
| 261|0x0000000091700000, 0x0000000091800000, 0x0000000091800000|100%| O|  |TS  1|AC  0|TAMS 0x0000000091700000, 0x0000000091800000|
| 262|0x0000000091800000, 0x0000000091900000, 0x0000000091900000|100%| O|  |TS  1|AC  0|TAMS 0x0000000091800000, 0x0000000091900000|
| 263|0x0000000091900000, 0x0000000091a00000, 0x0000000091a00000|100%| O|  |TS  1|AC  0|TAMS 0x0000000091900000, 0x0000000091a00000|
| 264|0x0000000091a00000, 0x0000000091b00000, 0x0000000091b00000|100%| O|  |TS  1|AC  0|TAMS 0x0000000091a00000, 0x0000000091b00000|
| 265|0x0000000091b00000, 0x0000000091c00000, 0x0000000091c00000|100%| O|  |TS  1|AC  0|TAMS 0x0000000091b00000, 0x0000000091c00000|
| 266|0x0000000091c00000, 0x0000000091d00000, 0x0000000091d00000|100%| O|  |TS  1|AC  0|TAMS 0x0000000091c00000, 0x0000000091d00000|
| 267|0x0000000091d00000, 0x0000000091e00000, 0x0000000091e00000|100%| O|  |TS  1|AC  0|TAMS 0x0000000091d00000, 0x0000000091e00000|
| 268|0x0000000091e00000, 0x0000000091f00000, 0x0000000091f00000|100%| O|  |TS  1|AC  0|TAMS 0x0000000091e00000, 0x0000000091f00000|
| 269|0x0000000091f00000, 0x0000000092000000, 0x0000000092000000|100%| O|  |TS  1|AC  0|TAMS 0x0000000091f00000, 0x0000000092000000|
| 270|0x0000000092000000, 0x0000000092100000, 0x0000000092100000|100%| O|  |TS  1|AC  0|TAMS 0x0000000092000000, 0x0000000092100000|
| 271|0x0000000092100000, 0x0000000092200000, 0x0000000092200000|100%| O|  |TS  1|AC  0|TAMS 0x0000000092100000, 0x0000000092200000|
| 272|0x0000000092200000, 0x0000000092300000, 0x0000000092300000|100%| O|  |TS  1|AC  0|TAMS 0x0000000092200000, 0x0000000092300000|
| 273|0x0000000092300000, 0x0000000092400000, 0x0000000092400000|100%| O|  |TS  1|AC  0|TAMS 0x0000000092300000, 0x0000000092400000|
| 274|0x0000000092400000, 0x0000000092500000, 0x0000000092500000|100%| O|  |TS  1|AC  0|TAMS 0x0000000092400000, 0x0000000092500000|
| 275|0x0000000092500000, 0x0000000092600000, 0x0000000092600000|100%| O|  |TS  1|AC  0|TAMS 0x0000000092500000, 0x0000000092600000|
| 276|0x0000000092600000, 0x0000000092700000, 0x0000000092700000|100%| O|  |TS  1|AC  0|TAMS 0x0000000092600000, 0x0000000092700000|
| 277|0x0000000092700000, 0x0000000092800000, 0x0000000092800000|100%| O|  |TS  1|AC  0|TAMS 0x0000000092700000, 0x0000000092800000|
| 278|0x0000000092800000, 0x0000000092900000, 0x0000000092900000|100%| O|  |TS  1|AC  0|TAMS 0x0000000092800000, 0x0000000092900000|
| 279|0x0000000092900000, 0x0000000092a00000, 0x0000000092a00000|100%| O|  |TS  1|AC  0|TAMS 0x0000000092900000, 0x0000000092a00000|
| 280|0x0000000092a00000, 0x0000000092b00000, 0x0000000092b00000|100%| O|  |TS  1|AC  0|TAMS 0x0000000092a00000, 0x0000000092b00000|
| 281|0x0000000092b00000, 0x0000000092c00000, 0x0000000092c00000|100%| O|  |TS  1|AC  0|TAMS 0x0000000092b00000, 0x0000000092c00000|
| 282|0x0000000092c00000, 0x0000000092d00000, 0x0000000092d00000|100%| O|  |TS  1|AC  0|TAMS 0x0000000092c00000, 0x0000000092d00000|
| 283|0x0000000092d00000, 0x0000000092e00000, 0x0000000092e00000|100%| O|  |TS  1|AC  0|TAMS 0x0000000092d00000, 0x0000000092e00000|
| 284|0x0000000092e00000, 0x0000000092f00000, 0x0000000092f00000|100%| O|  |TS  1|AC  0|TAMS 0x0000000092e00000, 0x0000000092f00000|
| 285|0x0000000092f00000, 0x0000000093000000, 0x0000000093000000|100%| O|  |TS  1|AC  0|TAMS 0x0000000092f00000, 0x0000000093000000|
| 286|0x0000000093000000, 0x0000000093100000, 0x0000000093100000|100%| O|  |TS  1|AC  0|TAMS 0x0000000093000000, 0x0000000093100000|
| 287|0x0000000093100000, 0x0000000093200000, 0x0000000093200000|100%| O|  |TS  1|AC  0|TAMS 0x0000000093100000, 0x0000000093200000|
| 288|0x0000000093200000, 0x0000000093300000, 0x0000000093300000|100%| O|  |TS  1|AC  0|TAMS 0x0000000093200000, 0x0000000093300000|
| 289|0x0000000093300000, 0x0000000093400000, 0x0000000093400000|100%| O|  |TS  1|AC  0|TAMS 0x0000000093300000, 0x0000000093400000|
| 290|0x0000000093400000, 0x0000000093500000, 0x0000000093500000|100%| O|  |TS  1|AC  0|TAMS 0x0000000093400000, 0x0000000093500000|
| 291|0x0000000093500000, 0x0000000093600000, 0x0000000093600000|100%| O|  |TS  1|AC  0|TAMS 0x0000000093500000, 0x0000000093600000|
| 292|0x0000000093600000, 0x0000000093700000, 0x0000000093700000|100%| O|  |TS  1|AC  0|TAMS 0x0000000093600000, 0x0000000093700000|
| 293|0x0000000093700000, 0x0000000093800000, 0x0000000093800000|100%| O|  |TS  1|AC  0|TAMS 0x0000000093700000, 0x0000000093800000|
| 294|0x0000000093800000, 0x0000000093900000, 0x0000000093900000|100%| O|  |TS  1|AC  0|TAMS 0x0000000093800000, 0x0000000093900000|
| 295|0x0000000093900000, 0x0000000093a00000, 0x0000000093a00000|100%| O|  |TS  1|AC  0|TAMS 0x0000000093900000, 0x0000000093a00000|
| 296|0x0000000093a00000, 0x0000000093b00000, 0x0000000093b00000|100%| O|  |TS  1|AC  0|TAMS 0x0000000093a00000, 0x0000000093b00000|
| 297|0x0000000093b00000, 0x0000000093c00000, 0x0000000093c00000|100%| O|  |TS  1|AC  0|TAMS 0x0000000093b00000, 0x0000000093c00000|
| 298|0x0000000093c00000, 0x0000000093d00000, 0x0000000093d00000|100%| O|  |TS  1|AC  0|TAMS 0x0000000093c00000, 0x0000000093d00000|
| 299|0x0000000093d00000, 0x0000000093e00000, 0x0000000093e00000|100%| O|  |TS  1|AC  0|TAMS 0x0000000093d00000, 0x0000000093e00000|
| 300|0x0000000093e00000, 0x0000000093f00000, 0x0000000093f00000|100%| O|  |TS  1|AC  0|TAMS 0x0000000093e00000, 0x0000000093f00000|
| 301|0x0000000093f00000, 0x0000000094000000, 0x0000000094000000|100%| O|  |TS  1|AC  0|TAMS 0x0000000093f00000, 0x0000000094000000|
| 302|0x0000000094000000, 0x0000000094100000, 0x0000000094100000|100%| O|  |TS  1|AC  0|TAMS 0x0000000094000000, 0x0000000094100000|
| 303|0x0000000094100000, 0x0000000094200000, 0x0000000094200000|100%| O|  |TS  1|AC  0|TAMS 0x0000000094100000, 0x0000000094200000|
| 304|0x0000000094200000, 0x0000000094300000, 0x0000000094300000|100%| O|  |TS  1|AC  0|TAMS 0x0000000094200000, 0x0000000094300000|
| 305|0x0000000094300000, 0x0000000094400000, 0x0000000094400000|100%| O|  |TS  1|AC  0|TAMS 0x0000000094300000, 0x0000000094400000|
| 306|0x0000000094400000, 0x0000000094500000, 0x0000000094500000|100%| O|  |TS  1|AC  0|TAMS 0x0000000094400000, 0x0000000094500000|
| 307|0x0000000094500000, 0x0000000094600000, 0x0000000094600000|100%| O|  |TS  1|AC  0|TAMS 0x0000000094500000, 0x0000000094600000|
| 308|0x0000000094600000, 0x0000000094700000, 0x0000000094700000|100%| O|  |TS  1|AC  0|TAMS 0x0000000094600000, 0x0000000094700000|
| 309|0x0000000094700000, 0x0000000094800000, 0x0000000094800000|100%| O|  |TS  1|AC  0|TAMS 0x0000000094700000, 0x0000000094800000|
| 310|0x0000000094800000, 0x0000000094900000, 0x0000000094900000|100%| O|  |TS  1|AC  0|TAMS 0x0000000094800000, 0x0000000094900000|
| 311|0x0000000094900000, 0x0000000094a00000, 0x0000000094a00000|100%| O|  |TS  1|AC  0|TAMS 0x0000000094900000, 0x0000000094a00000|
| 312|0x0000000094a00000, 0x0000000094b00000, 0x0000000094b00000|100%| O|  |TS  1|AC  0|TAMS 0x0000000094a00000, 0x0000000094b00000|
| 313|0x0000000094b00000, 0x0000000094c00000, 0x0000000094c00000|100%| O|  |TS  1|AC  0|TAMS 0x0000000094b00000, 0x0000000094c00000|
| 314|0x0000000094c00000, 0x0000000094d00000, 0x0000000094d00000|100%| O|  |TS  1|AC  0|TAMS 0x0000000094c00000, 0x0000000094d00000|
| 315|0x0000000094d00000, 0x0000000094e00000, 0x0000000094e00000|100%| O|  |TS  1|AC  0|TAMS 0x0000000094d00000, 0x0000000094e00000|
| 316|0x0000000094e00000, 0x0000000094f00000, 0x0000000094f00000|100%| O|  |TS  1|AC  0|TAMS 0x0000000094e00000, 0x0000000094f00000|
| 317|0x0000000094f00000, 0x0000000095000000, 0x0000000095000000|100%| O|  |TS  1|AC  0|TAMS 0x0000000094f00000, 0x0000000095000000|
| 318|0x0000000095000000, 0x0000000095100000, 0x0000000095100000|100%| O|  |TS  1|AC  0|TAMS 0x0000000095000000, 0x0000000095100000|
| 319|0x0000000095100000, 0x0000000095200000, 0x0000000095200000|100%| O|  |TS  1|AC  0|TAMS 0x0000000095100000, 0x0000000095200000|
| 320|0x0000000095200000, 0x0000000095300000, 0x0000000095300000|100%| O|  |TS  1|AC  0|TAMS 0x0000000095200000, 0x0000000095300000|
| 321|0x0000000095300000, 0x0000000095400000, 0x0000000095400000|100%| O|  |TS  1|AC  0|TAMS 0x0000000095300000, 0x0000000095400000|
| 322|0x0000000095400000, 0x0000000095500000, 0x0000000095500000|100%| O|  |TS  1|AC  0|TAMS 0x0000000095400000, 0x0000000095500000|
| 323|0x0000000095500000, 0x0000000095600000, 0x0000000095600000|100%| O|  |TS  3|AC  0|TAMS 0x0000000095500000, 0x0000000095600000|
| 324|0x0000000095600000, 0x0000000095700000, 0x0000000095700000|100%| O|  |TS  3|AC  0|TAMS 0x0000000095600000, 0x0000000095700000|
| 325|0x0000000095700000, 0x0000000095800000, 0x0000000095800000|100%| O|  |TS  3|AC  0|TAMS 0x0000000095700000, 0x0000000095800000|
| 326|0x0000000095800000, 0x0000000095900000, 0x0000000095900000|100%| O|  |TS  3|AC  0|TAMS 0x0000000095800000, 0x0000000095900000|
| 327|0x0000000095900000, 0x0000000095a00000, 0x0000000095a00000|100%| O|  |TS  1|AC  0|TAMS 0x0000000095900000, 0x0000000095a00000|
| 328|0x0000000095a00000, 0x0000000095b00000, 0x0000000095b00000|100%| O|  |TS  1|AC  0|TAMS 0x0000000095a00000, 0x0000000095b00000|
| 329|0x0000000095b00000, 0x0000000095c00000, 0x0000000095c00000|100%| O|  |TS  1|AC  0|TAMS 0x0000000095b00000, 0x0000000095c00000|
| 330|0x0000000095c00000, 0x0000000095d00000, 0x0000000095d00000|100%| O|  |TS  1|AC  0|TAMS 0x0000000095c00000, 0x0000000095d00000|
| 331|0x0000000095d00000, 0x0000000095e00000, 0x0000000095e00000|100%| O|  |TS  1|AC  0|TAMS 0x0000000095d00000, 0x0000000095e00000|
| 332|0x0000000095e00000, 0x0000000095f00000, 0x0000000095f00000|100%| O|  |TS  1|AC  0|TAMS 0x0000000095e00000, 0x0000000095f00000|
| 333|0x0000000095f00000, 0x0000000096000000, 0x0000000096000000|100%| O|  |TS  1|AC  0|TAMS 0x0000000095f00000, 0x0000000096000000|
| 334|0x0000000096000000, 0x0000000096100000, 0x0000000096100000|100%| O|  |TS  1|AC  0|TAMS 0x0000000096000000, 0x0000000096100000|
| 335|0x0000000096100000, 0x0000000096200000, 0x0000000096200000|100%| O|  |TS  1|AC  0|TAMS 0x0000000096100000, 0x0000000096200000|
| 336|0x0000000096200000, 0x0000000096300000, 0x0000000096300000|100%| O|  |TS  1|AC  0|TAMS 0x0000000096200000, 0x0000000096300000|
| 337|0x0000000096300000, 0x0000000096400000, 0x0000000096400000|100%| O|  |TS  1|AC  0|TAMS 0x0000000096300000, 0x0000000096400000|
| 338|0x0000000096400000, 0x0000000096500000, 0x0000000096500000|100%| O|  |TS  1|AC  0|TAMS 0x0000000096400000, 0x0000000096500000|
| 339|0x0000000096500000, 0x0000000096600000, 0x0000000096600000|100%| O|  |TS  1|AC  0|TAMS 0x0000000096500000, 0x0000000096600000|
| 340|0x0000000096600000, 0x0000000096700000, 0x0000000096700000|100%| O|  |TS  1|AC  0|TAMS 0x0000000096600000, 0x0000000096700000|
| 341|0x0000000096700000, 0x0000000096800000, 0x0000000096800000|100%| O|  |TS  1|AC  0|TAMS 0x0000000096700000, 0x0000000096800000|
| 342|0x0000000096800000, 0x0000000096900000, 0x0000000096900000|100%| O|  |TS  1|AC  0|TAMS 0x0000000096800000, 0x0000000096900000|
| 343|0x0000000096900000, 0x0000000096a00000, 0x0000000096a00000|100%| O|  |TS  1|AC  0|TAMS 0x0000000096900000, 0x0000000096a00000|
| 344|0x0000000096a00000, 0x0000000096b00000, 0x0000000096b00000|100%| O|  |TS  1|AC  0|TAMS 0x0000000096a00000, 0x0000000096b00000|
| 345|0x0000000096b00000, 0x0000000096c00000, 0x0000000096c00000|100%| O|  |TS  1|AC  0|TAMS 0x0000000096b00000, 0x0000000096c00000|
| 346|0x0000000096c00000, 0x0000000096d00000, 0x0000000096d00000|100%| O|  |TS  1|AC  0|TAMS 0x0000000096c00000, 0x0000000096d00000|
| 347|0x0000000096d00000, 0x0000000096e00000, 0x0000000096e00000|100%| O|  |TS  1|AC  0|TAMS 0x0000000096d00000, 0x0000000096e00000|
| 348|0x0000000096e00000, 0x0000000096f00000, 0x0000000096f00000|100%| O|  |TS  1|AC  0|TAMS 0x0000000096e00000, 0x0000000096f00000|
| 349|0x0000000096f00000, 0x0000000097000000, 0x0000000097000000|100%| O|  |TS  1|AC  0|TAMS 0x0000000096f00000, 0x0000000097000000|
| 350|0x0000000097000000, 0x0000000097100000, 0x0000000097100000|100%| O|  |TS  1|AC  0|TAMS 0x0000000097000000, 0x0000000097100000|
| 351|0x0000000097100000, 0x0000000097200000, 0x0000000097200000|100%| O|  |TS  1|AC  0|TAMS 0x0000000097100000, 0x0000000097200000|
| 352|0x0000000097200000, 0x0000000097300000, 0x0000000097300000|100%| O|  |TS  1|AC  0|TAMS 0x0000000097200000, 0x0000000097300000|
| 353|0x0000000097300000, 0x0000000097400000, 0x0000000097400000|100%| O|  |TS  1|AC  0|TAMS 0x0000000097300000, 0x0000000097400000|
| 354|0x0000000097400000, 0x0000000097500000, 0x0000000097500000|100%| O|  |TS  1|AC  0|TAMS 0x0000000097400000, 0x0000000097500000|
| 355|0x0000000097500000, 0x0000000097600000, 0x0000000097600000|100%| O|  |TS  1|AC  0|TAMS 0x0000000097500000, 0x0000000097600000|
| 356|0x0000000097600000, 0x0000000097700000, 0x0000000097700000|100%| O|  |TS  1|AC  0|TAMS 0x0000000097600000, 0x0000000097700000|
| 357|0x0000000097700000, 0x0000000097800000, 0x0000000097800000|100%| O|  |TS  1|AC  0|TAMS 0x0000000097700000, 0x0000000097800000|
| 358|0x0000000097800000, 0x0000000097900000, 0x0000000097900000|100%| O|  |TS  1|AC  0|TAMS 0x0000000097800000, 0x0000000097900000|
| 359|0x0000000097900000, 0x0000000097a00000, 0x0000000097a00000|100%| O|  |TS  1|AC  0|TAMS 0x0000000097900000, 0x0000000097a00000|
| 360|0x0000000097a00000, 0x0000000097b00000, 0x0000000097b00000|100%| O|  |TS  1|AC  0|TAMS 0x0000000097a00000, 0x0000000097b00000|
| 361|0x0000000097b00000, 0x0000000097c00000, 0x0000000097c00000|100%| O|  |TS  1|AC  0|TAMS 0x0000000097b00000, 0x0000000097c00000|
| 362|0x0000000097c00000, 0x0000000097d00000, 0x0000000097d00000|100%| O|  |TS  1|AC  0|TAMS 0x0000000097c00000, 0x0000000097d00000|
| 363|0x0000000097d00000, 0x0000000097e00000, 0x0000000097e00000|100%| O|  |TS  1|AC  0|TAMS 0x0000000097d00000, 0x0000000097e00000|
| 364|0x0000000097e00000, 0x0000000097f00000, 0x0000000097f00000|100%| O|  |TS  1|AC  0|TAMS 0x0000000097e00000, 0x0000000097f00000|
| 365|0x0000000097f00000, 0x0000000098000000, 0x0000000098000000|100%| O|  |TS  1|AC  0|TAMS 0x0000000097f00000, 0x0000000098000000|
| 366|0x0000000098000000, 0x0000000098100000, 0x0000000098100000|100%| O|  |TS  1|AC  0|TAMS 0x0000000098000000, 0x0000000098100000|
| 367|0x0000000098100000, 0x0000000098200000, 0x0000000098200000|100%| O|  |TS  1|AC  0|TAMS 0x0000000098100000, 0x0000000098200000|
| 368|0x0000000098200000, 0x0000000098300000, 0x0000000098300000|100%| O|  |TS  1|AC  0|TAMS 0x0000000098200000, 0x0000000098300000|
| 369|0x0000000098300000, 0x0000000098400000, 0x0000000098400000|100%| O|  |TS  1|AC  0|TAMS 0x0000000098300000, 0x0000000098400000|
| 370|0x0000000098400000, 0x0000000098500000, 0x0000000098500000|100%| O|  |TS  3|AC  0|TAMS 0x0000000098400000, 0x0000000098500000|
| 371|0x0000000098500000, 0x0000000098600000, 0x0000000098600000|100%| O|  |TS  3|AC  0|TAMS 0x0000000098500000, 0x0000000098600000|
| 372|0x0000000098600000, 0x0000000098700000, 0x0000000098700000|100%| O|  |TS  3|AC  0|TAMS 0x0000000098600000, 0x0000000098700000|
| 373|0x0000000098700000, 0x0000000098800000, 0x0000000098800000|100%| O|  |TS  3|AC  0|TAMS 0x0000000098700000, 0x0000000098800000|
| 374|0x0000000098800000, 0x0000000098900000, 0x0000000098900000|100%| O|  |TS  3|AC  0|TAMS 0x0000000098800000, 0x0000000098900000|
| 375|0x0000000098900000, 0x0000000098a00000, 0x0000000098a00000|100%| O|  |TS  3|AC  0|TAMS 0x0000000098900000, 0x0000000098a00000|
| 376|0x0000000098a00000, 0x0000000098b00000, 0x0000000098b00000|100%| O|  |TS  3|AC  0|TAMS 0x0000000098a00000, 0x0000000098b00000|
| 377|0x0000000098b00000, 0x0000000098c00000, 0x0000000098c00000|100%| O|  |TS  3|AC  0|TAMS 0x0000000098b00000, 0x0000000098c00000|
| 378|0x0000000098c00000, 0x0000000098d00000, 0x0000000098d00000|100%| O|  |TS  3|AC  0|TAMS 0x0000000098c00000, 0x0000000098d00000|
| 379|0x0000000098d00000, 0x0000000098e00000, 0x0000000098e00000|100%| O|  |TS  3|AC  0|TAMS 0x0000000098d00000, 0x0000000098e00000|
| 380|0x0000000098e00000, 0x0000000098f00000, 0x0000000098f00000|100%| O|  |TS  3|AC  0|TAMS 0x0000000098e00000, 0x0000000098f00000|
| 381|0x0000000098f00000, 0x0000000099000000, 0x0000000099000000|100%| O|  |TS  3|AC  0|TAMS 0x0000000098f00000, 0x0000000099000000|
| 382|0x0000000099000000, 0x0000000099100000, 0x0000000099100000|100%| O|  |TS  3|AC  0|TAMS 0x0000000099000000, 0x0000000099100000|
| 383|0x0000000099100000, 0x0000000099200000, 0x0000000099200000|100%| O|  |TS  3|AC  0|TAMS 0x0000000099100000, 0x0000000099200000|
| 384|0x0000000099200000, 0x0000000099300000, 0x0000000099300000|100%| O|  |TS  3|AC  0|TAMS 0x0000000099200000, 0x0000000099300000|
| 385|0x0000000099300000, 0x0000000099400000, 0x0000000099400000|100%| O|  |TS  3|AC  0|TAMS 0x0000000099300000, 0x0000000099400000|
| 386|0x0000000099400000, 0x0000000099500000, 0x0000000099500000|100%| O|  |TS  3|AC  0|TAMS 0x0000000099400000, 0x0000000099500000|
| 387|0x0000000099500000, 0x0000000099600000, 0x0000000099600000|100%| O|  |TS  3|AC  0|TAMS 0x0000000099500000, 0x0000000099600000|
| 388|0x0000000099600000, 0x0000000099700000, 0x0000000099700000|100%| O|  |TS  3|AC  0|TAMS 0x0000000099600000, 0x0000000099700000|
| 389|0x0000000099700000, 0x0000000099800000, 0x0000000099800000|100%| O|  |TS  3|AC  0|TAMS 0x0000000099700000, 0x0000000099800000|
| 390|0x0000000099800000, 0x0000000099900000, 0x0000000099900000|100%| O|  |TS  3|AC  0|TAMS 0x0000000099800000, 0x0000000099900000|
| 391|0x0000000099900000, 0x0000000099a00000, 0x0000000099a00000|100%| O|  |TS  3|AC  0|TAMS 0x0000000099900000, 0x0000000099a00000|
| 392|0x0000000099a00000, 0x0000000099b00000, 0x0000000099b00000|100%| O|  |TS  3|AC  0|TAMS 0x0000000099a00000, 0x0000000099b00000|
| 393|0x0000000099b00000, 0x0000000099c00000, 0x0000000099c00000|100%| O|  |TS  3|AC  0|TAMS 0x0000000099b00000, 0x0000000099c00000|
| 394|0x0000000099c00000, 0x0000000099d00000, 0x0000000099d00000|100%| O|  |TS  3|AC  0|TAMS 0x0000000099c00000, 0x0000000099d00000|
| 395|0x0000000099d00000, 0x0000000099e00000, 0x0000000099e00000|100%| O|  |TS  3|AC  0|TAMS 0x0000000099d00000, 0x0000000099e00000|
| 396|0x0000000099e00000, 0x0000000099f00000, 0x0000000099f00000|100%| O|  |TS  3|AC  0|TAMS 0x0000000099e00000, 0x0000000099f00000|
| 397|0x0000000099f00000, 0x000000009a000000, 0x000000009a000000|100%| O|  |TS  3|AC  0|TAMS 0x0000000099f00000, 0x000000009a000000|
| 398|0x000000009a000000, 0x000000009a100000, 0x000000009a100000|100%| O|  |TS  3|AC  0|TAMS 0x000000009a000000, 0x000000009a100000|
| 399|0x000000009a100000, 0x000000009a200000, 0x000000009a200000|100%| O|  |TS  3|AC  0|TAMS 0x000000009a100000, 0x000000009a200000|
| 400|0x000000009a200000, 0x000000009a300000, 0x000000009a300000|100%| O|  |TS  3|AC  0|TAMS 0x000000009a200000, 0x000000009a300000|
| 401|0x000000009a300000, 0x000000009a400000, 0x000000009a400000|100%| O|  |TS  3|AC  0|TAMS 0x000000009a300000, 0x000000009a400000|
| 402|0x000000009a400000, 0x000000009a500000, 0x000000009a500000|100%| O|  |TS  3|AC  0|TAMS 0x000000009a400000, 0x000000009a500000|
| 403|0x000000009a500000, 0x000000009a600000, 0x000000009a600000|100%| O|  |TS  3|AC  0|TAMS 0x000000009a500000, 0x000000009a600000|
| 404|0x000000009a600000, 0x000000009a700000, 0x000000009a700000|100%| O|  |TS  3|AC  0|TAMS 0x000000009a600000, 0x000000009a700000|
| 405|0x000000009a700000, 0x000000009a800000, 0x000000009a800000|100%| O|  |TS  5|AC  0|TAMS 0x000000009a700000, 0x000000009a800000|
| 406|0x000000009a800000, 0x000000009a900000, 0x000000009a900000|100%| O|  |TS  5|AC  0|TAMS 0x000000009a800000, 0x000000009a900000|
| 407|0x000000009a900000, 0x000000009aa00000, 0x000000009aa00000|100%| O|  |TS  5|AC  0|TAMS 0x000000009a900000, 0x000000009aa00000|
| 408|0x000000009aa00000, 0x000000009ab00000, 0x000000009ab00000|100%| O|  |TS  5|AC  0|TAMS 0x000000009aa00000, 0x000000009ab00000|
| 409|0x000000009ab00000, 0x000000009ac00000, 0x000000009ac00000|100%| O|  |TS  5|AC  0|TAMS 0x000000009ab00000, 0x000000009ac00000|
| 410|0x000000009ac00000, 0x000000009ad00000, 0x000000009ad00000|100%| O|  |TS  5|AC  0|TAMS 0x000000009ac00000, 0x000000009ad00000|
| 411|0x000000009ad00000, 0x000000009ae00000, 0x000000009ae00000|100%| O|  |TS  5|AC  0|TAMS 0x000000009ad00000, 0x000000009ae00000|
| 412|0x000000009ae00000, 0x000000009af00000, 0x000000009af00000|100%| O|  |TS  5|AC  0|TAMS 0x000000009ae00000, 0x000000009af00000|
| 413|0x000000009af00000, 0x000000009b000000, 0x000000009b000000|100%| O|  |TS  5|AC  0|TAMS 0x000000009af00000, 0x000000009b000000|
| 414|0x000000009b000000, 0x000000009b100000, 0x000000009b100000|100%| O|  |TS  5|AC  0|TAMS 0x000000009b000000, 0x000000009b100000|
| 415|0x000000009b100000, 0x000000009b200000, 0x000000009b200000|100%| O|  |TS  5|AC  0|TAMS 0x000000009b100000, 0x000000009b200000|
| 416|0x000000009b200000, 0x000000009b300000, 0x000000009b300000|100%| O|  |TS  5|AC  0|TAMS 0x000000009b200000, 0x000000009b300000|
| 417|0x000000009b300000, 0x000000009b400000, 0x000000009b400000|100%| O|  |TS  5|AC  0|TAMS 0x000000009b300000, 0x000000009b400000|
| 418|0x000000009b400000, 0x000000009b500000, 0x000000009b500000|100%| O|  |TS  5|AC  0|TAMS 0x000000009b400000, 0x000000009b500000|
| 419|0x000000009b500000, 0x000000009b600000, 0x000000009b600000|100%| O|  |TS  5|AC  0|TAMS 0x000000009b500000, 0x000000009b600000|
| 420|0x000000009b600000, 0x000000009b700000, 0x000000009b700000|100%| O|  |TS  5|AC  0|TAMS 0x000000009b600000, 0x000000009b700000|
| 421|0x000000009b700000, 0x000000009b800000, 0x000000009b800000|100%| O|  |TS  5|AC  0|TAMS 0x000000009b700000, 0x000000009b800000|
| 422|0x000000009b800000, 0x000000009b900000, 0x000000009b900000|100%| O|  |TS  5|AC  0|TAMS 0x000000009b800000, 0x000000009b900000|
| 423|0x000000009b900000, 0x000000009ba00000, 0x000000009ba00000|100%| O|  |TS  5|AC  0|TAMS 0x000000009b900000, 0x000000009ba00000|
| 424|0x000000009ba00000, 0x000000009bb00000, 0x000000009bb00000|100%| O|  |TS  5|AC  0|TAMS 0x000000009ba00000, 0x000000009bb00000|
| 425|0x000000009bb00000, 0x000000009bc00000, 0x000000009bc00000|100%| O|  |TS  5|AC  0|TAMS 0x000000009bb00000, 0x000000009bc00000|
| 426|0x000000009bc00000, 0x000000009bd00000, 0x000000009bd00000|100%| O|  |TS  5|AC  0|TAMS 0x000000009bc00000, 0x000000009bd00000|
| 427|0x000000009bd00000, 0x000000009be00000, 0x000000009be00000|100%| O|  |TS  5|AC  0|TAMS 0x000000009bd00000, 0x000000009be00000|
| 428|0x000000009be00000, 0x000000009bf00000, 0x000000009bf00000|100%| O|  |TS  5|AC  0|TAMS 0x000000009be00000, 0x000000009bf00000|
| 429|0x000000009bf00000, 0x000000009c000000, 0x000000009c000000|100%| O|  |TS  5|AC  0|TAMS 0x000000009bf00000, 0x000000009c000000|
| 430|0x000000009c000000, 0x000000009c100000, 0x000000009c100000|100%| O|  |TS  5|AC  0|TAMS 0x000000009c000000, 0x000000009c100000|
| 431|0x000000009c100000, 0x000000009c200000, 0x000000009c200000|100%| O|  |TS  5|AC  0|TAMS 0x000000009c100000, 0x000000009c200000|
| 432|0x000000009c200000, 0x000000009c300000, 0x000000009c300000|100%| O|  |TS  5|AC  0|TAMS 0x000000009c200000, 0x000000009c300000|
| 433|0x000000009c300000, 0x000000009c400000, 0x000000009c400000|100%| O|  |TS  5|AC  0|TAMS 0x000000009c300000, 0x000000009c400000|
| 434|0x000000009c400000, 0x000000009c500000, 0x000000009c500000|100%| O|  |TS  5|AC  0|TAMS 0x000000009c400000, 0x000000009c500000|
| 435|0x000000009c500000, 0x000000009c600000, 0x000000009c600000|100%| O|  |TS  5|AC  0|TAMS 0x000000009c500000, 0x000000009c600000|
| 436|0x000000009c600000, 0x000000009c700000, 0x000000009c700000|100%| O|  |TS  5|AC  0|TAMS 0x000000009c600000, 0x000000009c700000|
| 437|0x000000009c700000, 0x000000009c800000, 0x000000009c800000|100%| O|  |TS  5|AC  0|TAMS 0x000000009c700000, 0x000000009c800000|
| 438|0x000000009c800000, 0x000000009c900000, 0x000000009c900000|100%| O|  |TS  5|AC  0|TAMS 0x000000009c800000, 0x000000009c900000|
| 439|0x000000009c900000, 0x000000009ca00000, 0x000000009ca00000|100%| O|  |TS  5|AC  0|TAMS 0x000000009c900000, 0x000000009ca00000|
| 440|0x000000009ca00000, 0x000000009cb00000, 0x000000009cb00000|100%| O|  |TS  5|AC  0|TAMS 0x000000009ca00000, 0x000000009cb00000|
| 441|0x000000009cb00000, 0x000000009cc00000, 0x000000009cc00000|100%| O|  |TS  7|AC  0|TAMS 0x000000009cb00000, 0x000000009cb80000|
| 442|0x000000009cc00000, 0x000000009cd00000, 0x000000009cd00000|100%| O|  |TS  7|AC  0|TAMS 0x000000009cc00000, 0x000000009cc00000|
| 443|0x000000009cd00000, 0x000000009ce00000, 0x000000009ce00000|100%| O|  |TS  7|AC  0|TAMS 0x000000009cd00000, 0x000000009cd00000|
| 444|0x000000009ce00000, 0x000000009cf00000, 0x000000009cf00000|100%| O|  |TS  7|AC  0|TAMS 0x000000009ce00000, 0x000000009ce00000|
| 445|0x000000009cf00000, 0x000000009d000000, 0x000000009d000000|100%| O|  |TS  7|AC  0|TAMS 0x000000009cf00000, 0x000000009cf00000|
| 446|0x000000009d000000, 0x000000009d100000, 0x000000009d100000|100%| O|  |TS  7|AC  0|TAMS 0x000000009d000000, 0x000000009d000000|
| 447|0x000000009d100000, 0x000000009d200000, 0x000000009d200000|100%| O|  |TS  7|AC  0|TAMS 0x000000009d100000, 0x000000009d100000|
| 448|0x000000009d200000, 0x000000009d300000, 0x000000009d300000|100%| O|  |TS  7|AC  0|TAMS 0x000000009d200000, 0x000000009d200000|
| 449|0x000000009d300000, 0x000000009d400000, 0x000000009d400000|100%| O|  |TS  7|AC  0|TAMS 0x000000009d300000, 0x000000009d300000|
| 450|0x000000009d400000, 0x000000009d500000, 0x000000009d500000|100%| O|  |TS  7|AC  0|TAMS 0x000000009d400000, 0x000000009d400000|
| 451|0x000000009d500000, 0x000000009d600000, 0x000000009d600000|100%| O|  |TS  7|AC  0|TAMS 0x000000009d500000, 0x000000009d500000|
| 452|0x000000009d600000, 0x000000009d700000, 0x000000009d700000|100%| O|  |TS  7|AC  0|TAMS 0x000000009d600000, 0x000000009d600000|
| 453|0x000000009d700000, 0x000000009d800000, 0x000000009d800000|100%| O|  |TS  7|AC  0|TAMS 0x000000009d700000, 0x000000009d700000|
| 454|0x000000009d800000, 0x000000009d900000, 0x000000009d900000|100%| O|  |TS  7|AC  0|TAMS 0x000000009d800000, 0x000000009d800000|
| 455|0x000000009d900000, 0x000000009da00000, 0x000000009da00000|100%| O|  |TS  7|AC  0|TAMS 0x000000009d900000, 0x000000009d900000|
| 456|0x000000009da00000, 0x000000009db00000, 0x000000009db00000|100%| O|  |TS  7|AC  0|TAMS 0x000000009da00000, 0x000000009da00000|
| 457|0x000000009db00000, 0x000000009dc00000, 0x000000009dc00000|100%| O|  |TS  7|AC  0|TAMS 0x000000009db00000, 0x000000009db00000|
| 458|0x000000009dc00000, 0x000000009dd00000, 0x000000009dd00000|100%| O|  |TS  7|AC  0|TAMS 0x000000009dc00000, 0x000000009dc00000|
| 459|0x000000009dd00000, 0x000000009de00000, 0x000000009de00000|100%| O|  |TS  7|AC  0|TAMS 0x000000009dd00000, 0x000000009dd00000|
| 460|0x000000009de00000, 0x000000009df00000, 0x000000009df00000|100%| O|  |TS  7|AC  0|TAMS 0x000000009de00000, 0x000000009de00000|
| 461|0x000000009df00000, 0x000000009e000000, 0x000000009e000000|100%| O|  |TS  7|AC  0|TAMS 0x000000009df00000, 0x000000009df00000|
| 462|0x000000009e000000, 0x000000009e100000, 0x000000009e100000|100%| O|  |TS  7|AC  0|TAMS 0x000000009e000000, 0x000000009e000000|
| 463|0x000000009e100000, 0x000000009e200000, 0x000000009e200000|100%| O|  |TS  7|AC  0|TAMS 0x000000009e100000, 0x000000009e100000|
| 464|0x000000009e200000, 0x000000009e300000, 0x000000009e300000|100%| O|  |TS  7|AC  0|TAMS 0x000000009e200000, 0x000000009e200000|
| 465|0x000000009e300000, 0x000000009e400000, 0x000000009e400000|100%| O|  |TS  7|AC  0|TAMS 0x000000009e300000, 0x000000009e300000|
| 466|0x000000009e400000, 0x000000009e500000, 0x000000009e500000|100%| O|  |TS  7|AC  0|TAMS 0x000000009e400000, 0x000000009e400000|
| 467|0x000000009e500000, 0x000000009e600000, 0x000000009e600000|100%| O|  |TS  7|AC  0|TAMS 0x000000009e500000, 0x000000009e500000|
| 468|0x000000009e600000, 0x000000009e700000, 0x000000009e700000|100%| O|  |TS  7|AC  0|TAMS 0x000000009e600000, 0x000000009e600000|
| 469|0x000000009e700000, 0x000000009e800000, 0x000000009e800000|100%| O|  |TS  7|AC  0|TAMS 0x000000009e700000, 0x000000009e700000|
| 470|0x000000009e800000, 0x000000009e900000, 0x000000009e900000|100%| O|  |TS  7|AC  0|TAMS 0x000000009e800000, 0x000000009e800000|
| 471|0x000000009e900000, 0x000000009ea00000, 0x000000009ea00000|100%| O|  |TS  7|AC  0|TAMS 0x000000009e900000, 0x000000009e900000|
| 472|0x000000009ea00000, 0x000000009eb00000, 0x000000009eb00000|100%| O|  |TS  7|AC  0|TAMS 0x000000009ea00000, 0x000000009ea00000|
| 473|0x000000009eb00000, 0x000000009ec00000, 0x000000009ec00000|100%| O|  |TS  7|AC  0|TAMS 0x000000009eb00000, 0x000000009eb00000|
| 474|0x000000009ec00000, 0x000000009ed00000, 0x000000009ed00000|100%| O|  |TS  7|AC  0|TAMS 0x000000009ec00000, 0x000000009ec00000|
| 475|0x000000009ed00000, 0x000000009ee00000, 0x000000009ee00000|100%| O|  |TS  7|AC  0|TAMS 0x000000009ed00000, 0x000000009ed00000|
| 476|0x000000009ee00000, 0x000000009ef00000, 0x000000009ef00000|100%| O|  |TS  7|AC  0|TAMS 0x000000009ee00000, 0x000000009ee00000|
| 477|0x000000009ef00000, 0x000000009f000000, 0x000000009f000000|100%| O|  |TS  7|AC  0|TAMS 0x000000009ef00000, 0x000000009ef00000|
| 478|0x000000009f000000, 0x000000009f100000, 0x000000009f100000|100%| O|  |TS  7|AC  0|TAMS 0x000000009f000000, 0x000000009f000000|
| 479|0x000000009f100000, 0x000000009f200000, 0x000000009f200000|100%| O|  |TS  7|AC  0|TAMS 0x000000009f100000, 0x000000009f100000|
| 480|0x000000009f200000, 0x000000009f300000, 0x000000009f300000|100%| O|  |TS  7|AC  0|TAMS 0x000000009f200000, 0x000000009f200000|
| 481|0x000000009f300000, 0x000000009f400000, 0x000000009f400000|100%| O|  |TS  7|AC  0|TAMS 0x000000009f300000, 0x000000009f300000|
| 482|0x000000009f400000, 0x000000009f500000, 0x000000009f500000|100%| O|  |TS  7|AC  0|TAMS 0x000000009f400000, 0x000000009f400000|
| 483|0x000000009f500000, 0x000000009f600000, 0x000000009f600000|100%| O|  |TS  9|AC  0|TAMS 0x000000009f500000, 0x000000009f500000|
| 484|0x000000009f600000, 0x000000009f700000, 0x000000009f700000|100%| O|  |TS  9|AC  0|TAMS 0x000000009f600000, 0x000000009f600000|
| 485|0x000000009f700000, 0x000000009f800000, 0x000000009f800000|100%| O|  |TS  9|AC  0|TAMS 0x000000009f700000, 0x000000009f700000|
| 486|0x000000009f800000, 0x000000009f900000, 0x000000009f900000|100%| O|  |TS  9|AC  0|TAMS 0x000000009f800000, 0x000000009f800000|
| 487|0x000000009f900000, 0x000000009fa00000, 0x000000009fa00000|100%| O|  |TS  9|AC  0|TAMS 0x000000009f900000, 0x000000009f900000|
| 488|0x000000009fa00000, 0x000000009fb00000, 0x000000009fb00000|100%| O|  |TS  9|AC  0|TAMS 0x000000009fa00000, 0x000000009fa00000|
| 489|0x000000009fb00000, 0x000000009fc00000, 0x000000009fc00000|100%| O|  |TS  9|AC  0|TAMS 0x000000009fb00000, 0x000000009fb00000|
| 490|0x000000009fc00000, 0x000000009fd00000, 0x000000009fd00000|100%| O|  |TS  9|AC  0|TAMS 0x000000009fc00000, 0x000000009fc00000|
| 491|0x000000009fd00000, 0x000000009fe00000, 0x000000009fe00000|100%| O|  |TS  9|AC  0|TAMS 0x000000009fd00000, 0x000000009fd00000|
| 492|0x000000009fe00000, 0x000000009ff00000, 0x000000009ff00000|100%| O|  |TS  9|AC  0|TAMS 0x000000009fe00000, 0x000000009fe00000|
| 493|0x000000009ff00000, 0x00000000a0000000, 0x00000000a0000000|100%| O|  |TS  9|AC  0|TAMS 0x000000009ff00000, 0x000000009ff00000|
| 494|0x00000000a0000000, 0x00000000a0100000, 0x00000000a0100000|100%| O|  |TS  9|AC  0|TAMS 0x00000000a0000000, 0x00000000a0000000|
| 495|0x00000000a0100000, 0x00000000a0200000, 0x00000000a0200000|100%| O|  |TS  9|AC  0|TAMS 0x00000000a0100000, 0x00000000a0100000|
| 496|0x00000000a0200000, 0x00000000a0300000, 0x00000000a0300000|100%| O|  |TS  9|AC  0|TAMS 0x00000000a0200000, 0x00000000a0200000|
| 497|0x00000000a0300000, 0x00000000a0400000, 0x00000000a0400000|100%| O|  |TS  9|AC  0|TAMS 0x00000000a0300000, 0x00000000a0300000|
| 498|0x00000000a0400000, 0x00000000a0500000, 0x00000000a0500000|100%| O|  |TS  9|AC  0|TAMS 0x00000000a0400000, 0x00000000a0400000|
| 499|0x00000000a0500000, 0x00000000a0600000, 0x00000000a0600000|100%| O|  |TS  9|AC  0|TAMS 0x00000000a0500000, 0x00000000a0500000|
| 500|0x00000000a0600000, 0x00000000a0700000, 0x00000000a0700000|100%| O|  |TS  9|AC  0|TAMS 0x00000000a0600000, 0x00000000a0600000|
| 501|0x00000000a0700000, 0x00000000a0800000, 0x00000000a0800000|100%| O|  |TS  9|AC  0|TAMS 0x00000000a0700000, 0x00000000a0700000|
| 502|0x00000000a0800000, 0x00000000a0900000, 0x00000000a0900000|100%| O|  |TS  9|AC  0|TAMS 0x00000000a0800000, 0x00000000a0800000|
| 503|0x00000000a0900000, 0x00000000a0a00000, 0x00000000a0a00000|100%| O|  |TS  9|AC  0|TAMS 0x00000000a0900000, 0x00000000a0900000|
| 504|0x00000000a0a00000, 0x00000000a0b00000, 0x00000000a0b00000|100%| O|  |TS  9|AC  0|TAMS 0x00000000a0a00000, 0x00000000a0a00000|
| 505|0x00000000a0b00000, 0x00000000a0c00000, 0x00000000a0c00000|100%| O|  |TS  9|AC  0|TAMS 0x00000000a0b00000, 0x00000000a0b00000|
| 506|0x00000000a0c00000, 0x00000000a0d00000, 0x00000000a0d00000|100%| O|  |TS  9|AC  0|TAMS 0x00000000a0c00000, 0x00000000a0c00000|
| 507|0x00000000a0d00000, 0x00000000a0e00000, 0x00000000a0e00000|100%| O|  |TS  9|AC  0|TAMS 0x00000000a0d00000, 0x00000000a0d00000|
| 508|0x00000000a0e00000, 0x00000000a0f00000, 0x00000000a0f00000|100%| O|  |TS  9|AC  0|TAMS 0x00000000a0e00000, 0x00000000a0e00000|
| 509|0x00000000a0f00000, 0x00000000a1000000, 0x00000000a1000000|100%| O|  |TS  9|AC  0|TAMS 0x00000000a0f00000, 0x00000000a0f00000|
| 510|0x00000000a1000000, 0x00000000a1100000, 0x00000000a1100000|100%| O|  |TS  9|AC  0|TAMS 0x00000000a1000000, 0x00000000a1000000|
| 511|0x00000000a1100000, 0x00000000a1200000, 0x00000000a1200000|100%| O|  |TS  9|AC  0|TAMS 0x00000000a1100000, 0x00000000a1100000|
| 512|0x00000000a1200000, 0x00000000a1300000, 0x00000000a1300000|100%| O|  |TS  9|AC  0|TAMS 0x00000000a1200000, 0x00000000a1200000|
| 513|0x00000000a1300000, 0x00000000a1400000, 0x00000000a1400000|100%| O|  |TS  9|AC  0|TAMS 0x00000000a1300000, 0x00000000a1300000|
| 514|0x00000000a1400000, 0x00000000a1500000, 0x00000000a1500000|100%| O|  |TS  9|AC  0|TAMS 0x00000000a1400000, 0x00000000a1400000|
| 515|0x00000000a1500000, 0x00000000a1600000, 0x00000000a1600000|100%| O|  |TS  9|AC  0|TAMS 0x00000000a1500000, 0x00000000a1500000|
| 516|0x00000000a1600000, 0x00000000a1700000, 0x00000000a1700000|100%| O|  |TS  9|AC  0|TAMS 0x00000000a1600000, 0x00000000a1600000|
| 517|0x00000000a1700000, 0x00000000a1800000, 0x00000000a1800000|100%| O|  |TS  9|AC  0|TAMS 0x00000000a1700000, 0x00000000a1700000|
| 518|0x00000000a1800000, 0x00000000a1900000, 0x00000000a1900000|100%| O|  |TS  9|AC  0|TAMS 0x00000000a1800000, 0x00000000a1800000|
| 519|0x00000000a1900000, 0x00000000a1a00000, 0x00000000a1a00000|100%| O|  |TS  9|AC  0|TAMS 0x00000000a1900000, 0x00000000a1900000|
| 520|0x00000000a1a00000, 0x00000000a1b00000, 0x00000000a1b00000|100%| O|  |TS  9|AC  0|TAMS 0x00000000a1a00000, 0x00000000a1a00000|
| 521|0x00000000a1b00000, 0x00000000a1c00000, 0x00000000a1c00000|100%| O|  |TS  9|AC  0|TAMS 0x00000000a1b00000, 0x00000000a1b00000|
| 522|0x00000000a1c00000, 0x00000000a1d00000, 0x00000000a1d00000|100%| O|  |TS  9|AC  0|TAMS 0x00000000a1c00000, 0x00000000a1c00000|
| 523|0x00000000a1d00000, 0x00000000a1e00000, 0x00000000a1e00000|100%| O|  |TS  9|AC  0|TAMS 0x00000000a1d00000, 0x00000000a1d00000|
| 524|0x00000000a1e00000, 0x00000000a1f00000, 0x00000000a1f00000|100%| O|  |TS  9|AC  0|TAMS 0x00000000a1e00000, 0x00000000a1e00000|
| 525|0x00000000a1f00000, 0x00000000a2000000, 0x00000000a2000000|100%| O|  |TS  9|AC  0|TAMS 0x00000000a1f00000, 0x00000000a1f00000|
| 526|0x00000000a2000000, 0x00000000a2100000, 0x00000000a2100000|100%| O|  |TS  9|AC  0|TAMS 0x00000000a2000000, 0x00000000a2000000|
| 527|0x00000000a2100000, 0x00000000a2200000, 0x00000000a2200000|100%| O|  |TS  9|AC  0|TAMS 0x00000000a2100000, 0x00000000a2100000|
| 528|0x00000000a2200000, 0x00000000a2300000, 0x00000000a2300000|100%| O|  |TS  9|AC  0|TAMS 0x00000000a2200000, 0x00000000a2200000|
| 529|0x00000000a2300000, 0x00000000a2400000, 0x00000000a2400000|100%| O|  |TS  9|AC  0|TAMS 0x00000000a2300000, 0x00000000a2300000|
| 530|0x00000000a2400000, 0x00000000a2500000, 0x00000000a2500000|100%| O|  |TS  9|AC  0|TAMS 0x00000000a2400000, 0x00000000a2400000|
| 531|0x00000000a2500000, 0x00000000a2600000, 0x00000000a2600000|100%| O|  |TS  9|AC  0|TAMS 0x00000000a2500000, 0x00000000a2500000|
| 532|0x00000000a2600000, 0x00000000a2700000, 0x00000000a2700000|100%| O|  |TS  9|AC  0|TAMS 0x00000000a2600000, 0x00000000a2600000|
| 533|0x00000000a2700000, 0x00000000a2800000, 0x00000000a2800000|100%| O|  |TS  9|AC  0|TAMS 0x00000000a2700000, 0x00000000a2700000|
| 534|0x00000000a2800000, 0x00000000a2900000, 0x00000000a2900000|100%| O|  |TS  9|AC  0|TAMS 0x00000000a2800000, 0x00000000a2800000|
| 535|0x00000000a2900000, 0x00000000a2a00000, 0x00000000a2a00000|100%| O|  |TS  9|AC  0|TAMS 0x00000000a2900000, 0x00000000a2900000|
| 536|0x00000000a2a00000, 0x00000000a2b00000, 0x00000000a2b00000|100%| O|  |TS  9|AC  0|TAMS 0x00000000a2a00000, 0x00000000a2a00000|
| 537|0x00000000a2b00000, 0x00000000a2c00000, 0x00000000a2c00000|100%| O|  |TS  9|AC  0|TAMS 0x00000000a2b00000, 0x00000000a2b00000|
| 538|0x00000000a2c00000, 0x00000000a2d00000, 0x00000000a2d00000|100%| O|  |TS  9|AC  0|TAMS 0x00000000a2c00000, 0x00000000a2c00000|
| 539|0x00000000a2d00000, 0x00000000a2e00000, 0x00000000a2e00000|100%| O|  |TS  9|AC  0|TAMS 0x00000000a2d00000, 0x00000000a2d00000|
| 540|0x00000000a2e00000, 0x00000000a2f00000, 0x00000000a2f00000|100%| O|  |TS  9|AC  0|TAMS 0x00000000a2e00000, 0x00000000a2e00000|
| 541|0x00000000a2f00000, 0x00000000a3000000, 0x00000000a3000000|100%| O|  |TS  9|AC  0|TAMS 0x00000000a2f00000, 0x00000000a2f00000|
| 542|0x00000000a3000000, 0x00000000a3100000, 0x00000000a3100000|100%| O|  |TS  9|AC  0|TAMS 0x00000000a3000000, 0x00000000a3000000|
| 543|0x00000000a3100000, 0x00000000a3200000, 0x00000000a3200000|100%| O|  |TS  9|AC  0|TAMS 0x00000000a3100000, 0x00000000a3100000|
| 544|0x00000000a3200000, 0x00000000a3300000, 0x00000000a3300000|100%| O|  |TS  9|AC  0|TAMS 0x00000000a3200000, 0x00000000a3200000|
| 545|0x00000000a3300000, 0x00000000a3400000, 0x00000000a3400000|100%| O|  |TS  9|AC  0|TAMS 0x00000000a3300000, 0x00000000a3300000|
| 546|0x00000000a3400000, 0x00000000a3500000, 0x00000000a3500000|100%| O|  |TS  9|AC  0|TAMS 0x00000000a3400000, 0x00000000a3400000|
| 547|0x00000000a3500000, 0x00000000a3600000, 0x00000000a3600000|100%| O|  |TS  9|AC  0|TAMS 0x00000000a3500000, 0x00000000a3500000|
| 548|0x00000000a3600000, 0x00000000a3700000, 0x00000000a3700000|100%| O|  |TS  9|AC  0|TAMS 0x00000000a3600000, 0x00000000a3600000|
| 549|0x00000000a3700000, 0x00000000a3800000, 0x00000000a3800000|100%| O|  |TS  9|AC  0|TAMS 0x00000000a3700000, 0x00000000a3700000|
| 550|0x00000000a3800000, 0x00000000a3900000, 0x00000000a3900000|100%| O|  |TS  9|AC  0|TAMS 0x00000000a3800000, 0x00000000a3800000|
| 551|0x00000000a3900000, 0x00000000a3a00000, 0x00000000a3a00000|100%| O|  |TS  9|AC  0|TAMS 0x00000000a3900000, 0x00000000a3900000|
| 552|0x00000000a3a00000, 0x00000000a3b00000, 0x00000000a3b00000|100%| O|  |TS  9|AC  0|TAMS 0x00000000a3a00000, 0x00000000a3a00000|
| 553|0x00000000a3b00000, 0x00000000a3c00000, 0x00000000a3c00000|100%| O|  |TS  9|AC  0|TAMS 0x00000000a3b00000, 0x00000000a3b00000|
| 554|0x00000000a3c00000, 0x00000000a3d00000, 0x00000000a3d00000|100%| O|  |TS  9|AC  0|TAMS 0x00000000a3c00000, 0x00000000a3c00000|
| 555|0x00000000a3d00000, 0x00000000a3e00000, 0x00000000a3e00000|100%| O|  |TS  9|AC  0|TAMS 0x00000000a3d00000, 0x00000000a3d00000|
| 556|0x00000000a3e00000, 0x00000000a3f00000, 0x00000000a3f00000|100%| O|  |TS  9|AC  0|TAMS 0x00000000a3e00000, 0x00000000a3e00000|
| 557|0x00000000a3f00000, 0x00000000a4000000, 0x00000000a4000000|100%| O|  |TS  9|AC  0|TAMS 0x00000000a3f00000, 0x00000000a3f00000|
| 558|0x00000000a4000000, 0x00000000a4100000, 0x00000000a4100000|100%| O|  |TS  9|AC  0|TAMS 0x00000000a4000000, 0x00000000a4000000|
| 559|0x00000000a4100000, 0x00000000a4200000, 0x00000000a4200000|100%| O|  |TS  9|AC  0|TAMS 0x00000000a4100000, 0x00000000a4100000|
| 560|0x00000000a4200000, 0x00000000a4300000, 0x00000000a4300000|100%| O|  |TS  9|AC  0|TAMS 0x00000000a4200000, 0x00000000a4200000|
| 561|0x00000000a4300000, 0x00000000a4400000, 0x00000000a4400000|100%| O|  |TS  9|AC  0|TAMS 0x00000000a4300000, 0x00000000a4300000|
| 562|0x00000000a4400000, 0x00000000a4500000, 0x00000000a4500000|100%| O|  |TS  9|AC  0|TAMS 0x00000000a4400000, 0x00000000a4400000|
| 563|0x00000000a4500000, 0x00000000a4600000, 0x00000000a4600000|100%| O|  |TS  9|AC  0|TAMS 0x00000000a4500000, 0x00000000a4500000|
| 564|0x00000000a4600000, 0x00000000a4700000, 0x00000000a4700000|100%| O|  |TS  9|AC  0|TAMS 0x00000000a4600000, 0x00000000a4600000|
| 565|0x00000000a4700000, 0x00000000a4800000, 0x00000000a4800000|100%| O|  |TS  9|AC  0|TAMS 0x00000000a4700000, 0x00000000a4700000|
| 566|0x00000000a4800000, 0x00000000a4900000, 0x00000000a4900000|100%| O|  |TS  9|AC  0|TAMS 0x00000000a4800000, 0x00000000a4800000|
| 567|0x00000000a4900000, 0x00000000a4a00000, 0x00000000a4a00000|100%| O|  |TS  9|AC  0|TAMS 0x00000000a4900000, 0x00000000a4900000|
| 568|0x00000000a4a00000, 0x00000000a4b00000, 0x00000000a4b00000|100%| O|  |TS  9|AC  0|TAMS 0x00000000a4a00000, 0x00000000a4a00000|
| 569|0x00000000a4b00000, 0x00000000a4c00000, 0x00000000a4c00000|100%| O|  |TS  9|AC  0|TAMS 0x00000000a4b00000, 0x00000000a4b00000|
| 570|0x00000000a4c00000, 0x00000000a4d00000, 0x00000000a4d00000|100%| O|  |TS  9|AC  0|TAMS 0x00000000a4c00000, 0x00000000a4c00000|
| 571|0x00000000a4d00000, 0x00000000a4e00000, 0x00000000a4e00000|100%| O|  |TS  9|AC  0|TAMS 0x00000000a4d00000, 0x00000000a4d00000|
| 572|0x00000000a4e00000, 0x00000000a4f00000, 0x00000000a4f00000|100%| O|  |TS  9|AC  0|TAMS 0x00000000a4e00000, 0x00000000a4e00000|
| 573|0x00000000a4f00000, 0x00000000a5000000, 0x00000000a5000000|100%| O|  |TS  9|AC  0|TAMS 0x00000000a4f00000, 0x00000000a4f00000|
| 574|0x00000000a5000000, 0x00000000a5100000, 0x00000000a5100000|100%| O|  |TS 11|AC  0|TAMS 0x00000000a5000000, 0x00000000a5000000|
| 575|0x00000000a5100000, 0x00000000a5200000, 0x00000000a5200000|100%| O|  |TS 11|AC  0|TAMS 0x00000000a5100000, 0x00000000a5100000|
| 576|0x00000000a5200000, 0x00000000a5300000, 0x00000000a5300000|100%| O|  |TS 11|AC  0|TAMS 0x00000000a5200000, 0x00000000a5200000|
| 577|0x00000000a5300000, 0x00000000a5400000, 0x00000000a5400000|100%| O|  |TS 11|AC  0|TAMS 0x00000000a5300000, 0x00000000a5300000|
| 578|0x00000000a5400000, 0x00000000a5500000, 0x00000000a5500000|100%| O|  |TS 11|AC  0|TAMS 0x00000000a5400000, 0x00000000a5400000|
| 579|0x00000000a5500000, 0x00000000a5600000, 0x00000000a5600000|100%| O|  |TS 11|AC  0|TAMS 0x00000000a5500000, 0x00000000a5500000|
| 580|0x00000000a5600000, 0x00000000a5700000, 0x00000000a5700000|100%| O|  |TS 11|AC  0|TAMS 0x00000000a5600000, 0x00000000a5600000|
| 581|0x00000000a5700000, 0x00000000a5800000, 0x00000000a5800000|100%| O|  |TS 11|AC  0|TAMS 0x00000000a5700000, 0x00000000a5700000|
| 582|0x00000000a5800000, 0x00000000a5900000, 0x00000000a5900000|100%| O|  |TS 11|AC  0|TAMS 0x00000000a5800000, 0x00000000a5800000|
| 583|0x00000000a5900000, 0x00000000a5a00000, 0x00000000a5a00000|100%| O|  |TS 11|AC  0|TAMS 0x00000000a5900000, 0x00000000a5900000|
| 584|0x00000000a5a00000, 0x00000000a5b00000, 0x00000000a5b00000|100%| O|  |TS 11|AC  0|TAMS 0x00000000a5a00000, 0x00000000a5a00000|
| 585|0x00000000a5b00000, 0x00000000a5c00000, 0x00000000a5c00000|100%| O|  |TS 11|AC  0|TAMS 0x00000000a5b00000, 0x00000000a5b00000|
| 586|0x00000000a5c00000, 0x00000000a5d00000, 0x00000000a5d00000|100%| O|  |TS 11|AC  0|TAMS 0x00000000a5c00000, 0x00000000a5c00000|
| 587|0x00000000a5d00000, 0x00000000a5e00000, 0x00000000a5e00000|100%| O|  |TS 11|AC  0|TAMS 0x00000000a5d00000, 0x00000000a5d00000|
| 588|0x00000000a5e00000, 0x00000000a5f00000, 0x00000000a5f00000|100%| O|  |TS 11|AC  0|TAMS 0x00000000a5e00000, 0x00000000a5e00000|
| 589|0x00000000a5f00000, 0x00000000a6000000, 0x00000000a6000000|100%| O|  |TS 11|AC  0|TAMS 0x00000000a5f00000, 0x00000000a5f00000|
| 590|0x00000000a6000000, 0x00000000a6100000, 0x00000000a6100000|100%| O|  |TS 11|AC  0|TAMS 0x00000000a6000000, 0x00000000a6000000|
| 591|0x00000000a6100000, 0x00000000a6200000, 0x00000000a6200000|100%| O|  |TS 11|AC  0|TAMS 0x00000000a6100000, 0x00000000a6100000|
| 592|0x00000000a6200000, 0x00000000a6300000, 0x00000000a6300000|100%| O|  |TS 11|AC  0|TAMS 0x00000000a6200000, 0x00000000a6200000|
| 593|0x00000000a6300000, 0x00000000a6400000, 0x00000000a6400000|100%| O|  |TS 11|AC  0|TAMS 0x00000000a6300000, 0x00000000a6300000|
| 594|0x00000000a6400000, 0x00000000a6500000, 0x00000000a6500000|100%| O|  |TS 11|AC  0|TAMS 0x00000000a6400000, 0x00000000a6400000|
| 595|0x00000000a6500000, 0x00000000a6600000, 0x00000000a6600000|100%| O|  |TS 11|AC  0|TAMS 0x00000000a6500000, 0x00000000a6500000|
| 596|0x00000000a6600000, 0x00000000a6700000, 0x00000000a6700000|100%| O|  |TS 11|AC  0|TAMS 0x00000000a6600000, 0x00000000a6600000|
| 597|0x00000000a6700000, 0x00000000a6800000, 0x00000000a6800000|100%| O|  |TS 11|AC  0|TAMS 0x00000000a6700000, 0x00000000a6700000|
| 598|0x00000000a6800000, 0x00000000a6900000, 0x00000000a6900000|100%| O|  |TS 11|AC  0|TAMS 0x00000000a6800000, 0x00000000a6800000|
| 599|0x00000000a6900000, 0x00000000a6a00000, 0x00000000a6a00000|100%| O|  |TS 11|AC  0|TAMS 0x00000000a6900000, 0x00000000a6900000|
| 600|0x00000000a6a00000, 0x00000000a6b00000, 0x00000000a6b00000|100%| O|  |TS 11|AC  0|TAMS 0x00000000a6a00000, 0x00000000a6a00000|
| 601|0x00000000a6b00000, 0x00000000a6c00000, 0x00000000a6c00000|100%| O|  |TS 11|AC  0|TAMS 0x00000000a6b00000, 0x00000000a6b00000|
| 602|0x00000000a6c00000, 0x00000000a6d00000, 0x00000000a6d00000|100%| O|  |TS 11|AC  0|TAMS 0x00000000a6c00000, 0x00000000a6c00000|
| 603|0x00000000a6d00000, 0x00000000a6e00000, 0x00000000a6e00000|100%| O|  |TS 11|AC  0|TAMS 0x00000000a6d00000, 0x00000000a6d00000|
| 604|0x00000000a6e00000, 0x00000000a6f00000, 0x00000000a6f00000|100%| O|  |TS 11|AC  0|TAMS 0x00000000a6e00000, 0x00000000a6e00000|
| 605|0x00000000a6f00000, 0x00000000a7000000, 0x00000000a7000000|100%| O|  |TS 11|AC  0|TAMS 0x00000000a6f00000, 0x00000000a6f00000|
| 606|0x00000000a7000000, 0x00000000a7100000, 0x00000000a7100000|100%| O|  |TS 11|AC  0|TAMS 0x00000000a7000000, 0x00000000a7000000|
| 607|0x00000000a7100000, 0x00000000a7200000, 0x00000000a7200000|100%| O|  |TS 11|AC  0|TAMS 0x00000000a7100000, 0x00000000a7100000|
| 608|0x00000000a7200000, 0x00000000a7300000, 0x00000000a7300000|100%| O|  |TS 11|AC  0|TAMS 0x00000000a7200000, 0x00000000a7200000|
| 609|0x00000000a7300000, 0x00000000a7400000, 0x00000000a7400000|100%| O|  |TS 11|AC  0|TAMS 0x00000000a7300000, 0x00000000a7300000|
| 610|0x00000000a7400000, 0x00000000a7500000, 0x00000000a7500000|100%| O|  |TS 11|AC  0|TAMS 0x00000000a7400000, 0x00000000a7400000|
| 611|0x00000000a7500000, 0x00000000a7600000, 0x00000000a7600000|100%| O|  |TS 11|AC  0|TAMS 0x00000000a7500000, 0x00000000a7500000|
| 612|0x00000000a7600000, 0x00000000a7700000, 0x00000000a7700000|100%| O|  |TS 11|AC  0|TAMS 0x00000000a7600000, 0x00000000a7600000|
| 613|0x00000000a7700000, 0x00000000a7800000, 0x00000000a7800000|100%| O|  |TS 11|AC  0|TAMS 0x00000000a7700000, 0x00000000a7700000|
| 614|0x00000000a7800000, 0x00000000a7900000, 0x00000000a7900000|100%| O|  |TS 11|AC  0|TAMS 0x00000000a7800000, 0x00000000a7800000|
| 615|0x00000000a7900000, 0x00000000a7a00000, 0x00000000a7a00000|100%| O|  |TS 11|AC  0|TAMS 0x00000000a7900000, 0x00000000a7900000|
| 616|0x00000000a7a00000, 0x00000000a7b00000, 0x00000000a7b00000|100%| O|  |TS 11|AC  0|TAMS 0x00000000a7a00000, 0x00000000a7a00000|
| 617|0x00000000a7b00000, 0x00000000a7c00000, 0x00000000a7c00000|100%| O|  |TS 11|AC  0|TAMS 0x00000000a7b00000, 0x00000000a7b00000|
| 618|0x00000000a7c00000, 0x00000000a7d00000, 0x00000000a7d00000|100%| O|  |TS 11|AC  0|TAMS 0x00000000a7c00000, 0x00000000a7c00000|
| 619|0x00000000a7d00000, 0x00000000a7e00000, 0x00000000a7e00000|100%| O|  |TS 11|AC  0|TAMS 0x00000000a7d00000, 0x00000000a7d00000|
| 620|0x00000000a7e00000, 0x00000000a7f00000, 0x00000000a7f00000|100%| O|  |TS 11|AC  0|TAMS 0x00000000a7e00000, 0x00000000a7e00000|
| 621|0x00000000a7f00000, 0x00000000a8000000, 0x00000000a8000000|100%| O|  |TS 11|AC  0|TAMS 0x00000000a7f00000, 0x00000000a7f00000|
| 622|0x00000000a8000000, 0x00000000a8100000, 0x00000000a8100000|100%| O